[0.732s] Invoking command in '/home/arz-1024/arm_ws/src/arm_gazebo': DEBUGINFOD_URLS=https://debuginfod.ubuntu.com PYTHONPATH=/home/arz-1024/arm_ws/src/arm_gazebo/build/arm_gazebo/prefix_override:/usr/lib/python3/dist-packages/colcon_core/task/python/colcon_distutils_commands:/home/arz-1024/arm_ws/src/arm_gazebo/install/arm_gazebo/lib/python3.12/site-packages:${PYTHONPATH} /usr/bin/python3 -W ignore:setup.py install is deprecated -W ignore:easy_install command is deprecated setup.py egg_info --egg-base build/arm_gazebo build --build-base /home/arz-1024/arm_ws/src/arm_gazebo/build/arm_gazebo/build install --record /home/arz-1024/arm_ws/src/arm_gazebo/build/arm_gazebo/install.log --single-version-externally-managed install_data
[0.951s] running egg_info
[0.967s] writing build/arm_gazebo/arm_gazebo.egg-info/PKG-INFO
[0.967s] writing dependency_links to build/arm_gazebo/arm_gazebo.egg-info/dependency_links.txt
[0.968s] writing requirements to build/arm_gazebo/arm_gazebo.egg-info/requires.txt
[0.968s] writing top-level names to build/arm_gazebo/arm_gazebo.egg-info/top_level.txt
[1.000s] reading manifest file 'build/arm_gazebo/arm_gazebo.egg-info/SOURCES.txt'
[1.001s] adding license file 'LICENSE'
[1.001s] writing manifest file 'build/arm_gazebo/arm_gazebo.egg-info/SOURCES.txt'
[1.001s] running build
[1.002s] running build_py
[1.002s] running install
[1.009s] running install_lib
[1.033s] running install_data
[1.033s] copying package.xml -> /home/arz-1024/arm_ws/src/arm_gazebo/install/arm_gazebo/share/arm_gazebo
[1.033s] copying launch/6dof_gazebo.launch.py -> /home/arz-1024/arm_ws/src/arm_gazebo/install/arm_gazebo/share/arm_gazebo/launch
[1.033s] running install_egg_info
[1.062s] removing '/home/arz-1024/arm_ws/src/arm_gazebo/install/arm_gazebo/lib/python3.12/site-packages/arm_gazebo-0.0.0-py3.12.egg-info' (and everything under it)
[1.062s] Copying build/arm_gazebo/arm_gazebo.egg-info to /home/arz-1024/arm_ws/src/arm_gazebo/install/arm_gazebo/lib/python3.12/site-packages/arm_gazebo-0.0.0-py3.12.egg-info
[1.062s] running install_scripts
[1.246s] writing list of installed files to '/home/arz-1024/arm_ws/src/arm_gazebo/build/arm_gazebo/install.log'
[1.273s] Invoked command in '/home/arz-1024/arm_ws/src/arm_gazebo' returned '0': DEBUGINFOD_URLS=https://debuginfod.ubuntu.com PYTHONPATH=/home/arz-1024/arm_ws/src/arm_gazebo/build/arm_gazebo/prefix_override:/usr/lib/python3/dist-packages/colcon_core/task/python/colcon_distutils_commands:/home/arz-1024/arm_ws/src/arm_gazebo/install/arm_gazebo/lib/python3.12/site-packages:${PYTHONPATH} /usr/bin/python3 -W ignore:setup.py install is deprecated -W ignore:easy_install command is deprecated setup.py egg_info --egg-base build/arm_gazebo build --build-base /home/arz-1024/arm_ws/src/arm_gazebo/build/arm_gazebo/build install --record /home/arz-1024/arm_ws/src/arm_gazebo/build/arm_gazebo/install.log --single-version-externally-managed install_data
