[0.101s] DEBUG:colcon:Command line arguments: ['/usr/bin/colcon', 'build']
[0.101s] DEBUG:colcon:Parsed command line arguments: Namespace(log_base=None, log_level=None, verb_name='build', build_base='build', install_base='install', merge_install=False, symlink_install=False, test_result_base=None, continue_on_error=False, executor='parallel', parallel_workers=16, event_handlers=None, ignore_user_meta=False, metas=['./colcon.meta'], base_paths=['.'], packages_ignore=None, packages_ignore_regex=None, paths=None, packages_up_to=None, packages_up_to_regex=None, packages_above=None, packages_above_and_dependencies=None, packages_above_depth=None, packages_select_by_dep=None, packages_skip_by_dep=None, packages_skip_up_to=None, packages_select_build_failed=False, packages_skip_build_finished=False, packages_select_test_failures=False, packages_skip_test_passed=False, packages_select=None, packages_skip=None, packages_select_regex=None, packages_skip_regex=None, packages_start=None, packages_end=None, allow_overriding=[], cmake_args=None, cmake_target=None, cmake_target_skip_unavailable=False, cmake_clean_cache=False, cmake_clean_first=False, cmake_force_configure=False, ament_cmake_args=None, catkin_cmake_args=None, catkin_skip_building_tests=False, mixin_files=None, mixin=None, verb_parser=<colcon_mixin.mixin.mixin_argument.MixinArgumentDecorator object at 0x749c86fda9c0>, verb_extension=<colcon_core.verb.build.BuildVerb object at 0x749c86fd9bb0>, main=<bound method BuildVerb.main of <colcon_core.verb.build.BuildVerb object at 0x749c86fd9bb0>>, mixin_verb=('build',))
[0.130s] Level 1:colcon.colcon_core.package_discovery:discover_packages(colcon_meta) check parameters
[0.130s] Level 1:colcon.colcon_core.package_discovery:discover_packages(recursive) check parameters
[0.130s] Level 1:colcon.colcon_core.package_discovery:discover_packages(ignore) check parameters
[0.130s] Level 1:colcon.colcon_core.package_discovery:discover_packages(path) check parameters
[0.130s] Level 1:colcon.colcon_core.package_discovery:discover_packages(colcon_meta) discover
[0.130s] Level 1:colcon.colcon_core.package_discovery:discover_packages(recursive) discover
[0.130s] INFO:colcon.colcon_core.package_discovery:Crawling recursively for packages in '/home/arz-1024/arm_ws'
[0.130s] Level 1:colcon.colcon_core.package_identification:_identify(.) by extensions ['ignore', 'ignore_ament_install']
[0.130s] Level 1:colcon.colcon_core.package_identification:_identify(.) by extension 'ignore'
[0.130s] Level 1:colcon.colcon_core.package_identification:_identify(.) by extension 'ignore_ament_install'
[0.130s] Level 1:colcon.colcon_core.package_identification:_identify(.) by extensions ['colcon_pkg']
[0.130s] Level 1:colcon.colcon_core.package_identification:_identify(.) by extension 'colcon_pkg'
[0.130s] Level 1:colcon.colcon_core.package_identification:_identify(.) by extensions ['colcon_meta']
[0.130s] Level 1:colcon.colcon_core.package_identification:_identify(.) by extension 'colcon_meta'
[0.131s] Level 1:colcon.colcon_core.package_identification:_identify(.) by extensions ['ros']
[0.131s] Level 1:colcon.colcon_core.package_identification:_identify(.) by extension 'ros'
[0.150s] Level 1:colcon.colcon_core.package_identification:_identify(.) by extensions ['cmake', 'python']
[0.150s] Level 1:colcon.colcon_core.package_identification:_identify(.) by extension 'cmake'
[0.150s] Level 1:colcon.colcon_core.package_identification:_identify(.) by extension 'python'
[0.150s] Level 1:colcon.colcon_core.package_identification:_identify(.) by extensions ['python_setup_py']
[0.150s] Level 1:colcon.colcon_core.package_identification:_identify(.) by extension 'python_setup_py'
[0.150s] Level 1:colcon.colcon_core.package_identification:_identify(build) by extensions ['ignore', 'ignore_ament_install']
[0.150s] Level 1:colcon.colcon_core.package_identification:_identify(build) by extension 'ignore'
[0.150s] Level 1:colcon.colcon_core.package_identification:_identify(build) ignored
[0.151s] Level 1:colcon.colcon_core.package_identification:_identify(install) by extensions ['ignore', 'ignore_ament_install']
[0.151s] Level 1:colcon.colcon_core.package_identification:_identify(install) by extension 'ignore'
[0.151s] Level 1:colcon.colcon_core.package_identification:_identify(install) ignored
[0.151s] Level 1:colcon.colcon_core.package_identification:_identify(log) by extensions ['ignore', 'ignore_ament_install']
[0.151s] Level 1:colcon.colcon_core.package_identification:_identify(log) by extension 'ignore'
[0.151s] Level 1:colcon.colcon_core.package_identification:_identify(log) ignored
[0.151s] Level 1:colcon.colcon_core.package_identification:_identify(src) by extensions ['ignore', 'ignore_ament_install']
[0.151s] Level 1:colcon.colcon_core.package_identification:_identify(src) by extension 'ignore'
[0.151s] Level 1:colcon.colcon_core.package_identification:_identify(src) by extension 'ignore_ament_install'
[0.151s] Level 1:colcon.colcon_core.package_identification:_identify(src) by extensions ['colcon_pkg']
[0.151s] Level 1:colcon.colcon_core.package_identification:_identify(src) by extension 'colcon_pkg'
[0.151s] Level 1:colcon.colcon_core.package_identification:_identify(src) by extensions ['colcon_meta']
[0.151s] Level 1:colcon.colcon_core.package_identification:_identify(src) by extension 'colcon_meta'
[0.151s] Level 1:colcon.colcon_core.package_identification:_identify(src) by extensions ['ros']
[0.151s] Level 1:colcon.colcon_core.package_identification:_identify(src) by extension 'ros'
[0.151s] Level 1:colcon.colcon_core.package_identification:_identify(src) by extensions ['cmake', 'python']
[0.151s] Level 1:colcon.colcon_core.package_identification:_identify(src) by extension 'cmake'
[0.152s] Level 1:colcon.colcon_core.package_identification:_identify(src) by extension 'python'
[0.152s] Level 1:colcon.colcon_core.package_identification:_identify(src) by extensions ['python_setup_py']
[0.152s] Level 1:colcon.colcon_core.package_identification:_identify(src) by extension 'python_setup_py'
[0.152s] Level 1:colcon.colcon_core.package_identification:_identify(src/arm_description) by extensions ['ignore', 'ignore_ament_install']
[0.152s] Level 1:colcon.colcon_core.package_identification:_identify(src/arm_description) by extension 'ignore'
[0.152s] Level 1:colcon.colcon_core.package_identification:_identify(src/arm_description) by extension 'ignore_ament_install'
[0.152s] Level 1:colcon.colcon_core.package_identification:_identify(src/arm_description) by extensions ['colcon_pkg']
[0.152s] Level 1:colcon.colcon_core.package_identification:_identify(src/arm_description) by extension 'colcon_pkg'
[0.152s] Level 1:colcon.colcon_core.package_identification:_identify(src/arm_description) by extensions ['colcon_meta']
[0.152s] Level 1:colcon.colcon_core.package_identification:_identify(src/arm_description) by extension 'colcon_meta'
[0.152s] Level 1:colcon.colcon_core.package_identification:_identify(src/arm_description) by extensions ['ros']
[0.152s] Level 1:colcon.colcon_core.package_identification:_identify(src/arm_description) by extension 'ros'
[0.154s] DEBUG:colcon.colcon_core.package_identification:Package 'src/arm_description' with type 'ros.ament_cmake' and name 'arm_description'
[0.154s] Level 1:colcon.colcon_core.package_identification:_identify(src/arm_gazebo) by extensions ['ignore', 'ignore_ament_install']
[0.154s] Level 1:colcon.colcon_core.package_identification:_identify(src/arm_gazebo) by extension 'ignore'
[0.154s] Level 1:colcon.colcon_core.package_identification:_identify(src/arm_gazebo) by extension 'ignore_ament_install'
[0.154s] Level 1:colcon.colcon_core.package_identification:_identify(src/arm_gazebo) by extensions ['colcon_pkg']
[0.154s] Level 1:colcon.colcon_core.package_identification:_identify(src/arm_gazebo) by extension 'colcon_pkg'
[0.154s] Level 1:colcon.colcon_core.package_identification:_identify(src/arm_gazebo) by extensions ['colcon_meta']
[0.155s] Level 1:colcon.colcon_core.package_identification:_identify(src/arm_gazebo) by extension 'colcon_meta'
[0.155s] Level 1:colcon.colcon_core.package_identification:_identify(src/arm_gazebo) by extensions ['ros']
[0.155s] Level 1:colcon.colcon_core.package_identification:_identify(src/arm_gazebo) by extension 'ros'
[0.155s] DEBUG:colcon.colcon_core.package_identification:Package 'src/arm_gazebo' with type 'ros.ament_python' and name 'arm_gazebo'
[0.155s] Level 1:colcon.colcon_core.package_identification:_identify(src/grasp_pose_estimator) by extensions ['ignore', 'ignore_ament_install']
[0.156s] Level 1:colcon.colcon_core.package_identification:_identify(src/grasp_pose_estimator) by extension 'ignore'
[0.156s] Level 1:colcon.colcon_core.package_identification:_identify(src/grasp_pose_estimator) by extension 'ignore_ament_install'
[0.156s] Level 1:colcon.colcon_core.package_identification:_identify(src/grasp_pose_estimator) by extensions ['colcon_pkg']
[0.156s] Level 1:colcon.colcon_core.package_identification:_identify(src/grasp_pose_estimator) by extension 'colcon_pkg'
[0.156s] Level 1:colcon.colcon_core.package_identification:_identify(src/grasp_pose_estimator) by extensions ['colcon_meta']
[0.156s] Level 1:colcon.colcon_core.package_identification:_identify(src/grasp_pose_estimator) by extension 'colcon_meta'
[0.156s] Level 1:colcon.colcon_core.package_identification:_identify(src/grasp_pose_estimator) by extensions ['ros']
[0.156s] Level 1:colcon.colcon_core.package_identification:_identify(src/grasp_pose_estimator) by extension 'ros'
[0.157s] DEBUG:colcon.colcon_core.package_identification:Package 'src/grasp_pose_estimator' with type 'ros.ament_python' and name 'grasp_pose_estimator'
[0.157s] Level 1:colcon.colcon_core.package_discovery:discover_packages(recursive) using defaults
[0.157s] Level 1:colcon.colcon_core.package_discovery:discover_packages(ignore) discover
[0.157s] Level 1:colcon.colcon_core.package_discovery:discover_packages(ignore) using defaults
[0.157s] Level 1:colcon.colcon_core.package_discovery:discover_packages(path) discover
[0.157s] Level 1:colcon.colcon_core.package_discovery:discover_packages(path) using defaults
[0.173s] Level 1:colcon.colcon_core.package_discovery:discover_packages(prefix_path) check parameters
[0.173s] Level 1:colcon.colcon_core.package_discovery:discover_packages(prefix_path) discover
[0.175s] DEBUG:colcon.colcon_installed_package_information.package_discovery:Found 3 installed packages in /home/arz-1024/arm_ws/install
[0.175s] DEBUG:colcon.colcon_installed_package_information.package_discovery:Found 5 installed packages in /home/arz-1024/multi_map/install
[0.177s] DEBUG:colcon.colcon_installed_package_information.package_discovery:Found 471 installed packages in /opt/ros/jazzy
[0.177s] Level 1:colcon.colcon_core.package_discovery:discover_packages(prefix_path) using defaults
[0.220s] Level 5:colcon.colcon_core.verb:set package 'arm_description' build argument 'cmake_args' from command line to 'None'
[0.220s] Level 5:colcon.colcon_core.verb:set package 'arm_description' build argument 'cmake_target' from command line to 'None'
[0.220s] Level 5:colcon.colcon_core.verb:set package 'arm_description' build argument 'cmake_target_skip_unavailable' from command line to 'False'
[0.220s] Level 5:colcon.colcon_core.verb:set package 'arm_description' build argument 'cmake_clean_cache' from command line to 'False'
[0.220s] Level 5:colcon.colcon_core.verb:set package 'arm_description' build argument 'cmake_clean_first' from command line to 'False'
[0.220s] Level 5:colcon.colcon_core.verb:set package 'arm_description' build argument 'cmake_force_configure' from command line to 'False'
[0.220s] Level 5:colcon.colcon_core.verb:set package 'arm_description' build argument 'ament_cmake_args' from command line to 'None'
[0.220s] Level 5:colcon.colcon_core.verb:set package 'arm_description' build argument 'catkin_cmake_args' from command line to 'None'
[0.220s] Level 5:colcon.colcon_core.verb:set package 'arm_description' build argument 'catkin_skip_building_tests' from command line to 'False'
[0.220s] DEBUG:colcon.colcon_core.verb:Building package 'arm_description' with the following arguments: {'ament_cmake_args': None, 'build_base': '/home/arz-1024/arm_ws/build/arm_description', 'catkin_cmake_args': None, 'catkin_skip_building_tests': False, 'cmake_args': None, 'cmake_clean_cache': False, 'cmake_clean_first': False, 'cmake_force_configure': False, 'cmake_target': None, 'cmake_target_skip_unavailable': False, 'install_base': '/home/arz-1024/arm_ws/install/arm_description', 'merge_install': False, 'path': '/home/arz-1024/arm_ws/src/arm_description', 'symlink_install': False, 'test_result_base': None}
[0.221s] Level 5:colcon.colcon_core.verb:set package 'grasp_pose_estimator' build argument 'cmake_args' from command line to 'None'
[0.221s] Level 5:colcon.colcon_core.verb:set package 'grasp_pose_estimator' build argument 'cmake_target' from command line to 'None'
[0.221s] Level 5:colcon.colcon_core.verb:set package 'grasp_pose_estimator' build argument 'cmake_target_skip_unavailable' from command line to 'False'
[0.221s] Level 5:colcon.colcon_core.verb:set package 'grasp_pose_estimator' build argument 'cmake_clean_cache' from command line to 'False'
[0.221s] Level 5:colcon.colcon_core.verb:set package 'grasp_pose_estimator' build argument 'cmake_clean_first' from command line to 'False'
[0.221s] Level 5:colcon.colcon_core.verb:set package 'grasp_pose_estimator' build argument 'cmake_force_configure' from command line to 'False'
[0.221s] Level 5:colcon.colcon_core.verb:set package 'grasp_pose_estimator' build argument 'ament_cmake_args' from command line to 'None'
[0.221s] Level 5:colcon.colcon_core.verb:set package 'grasp_pose_estimator' build argument 'catkin_cmake_args' from command line to 'None'
[0.221s] Level 5:colcon.colcon_core.verb:set package 'grasp_pose_estimator' build argument 'catkin_skip_building_tests' from command line to 'False'
[0.221s] DEBUG:colcon.colcon_core.verb:Building package 'grasp_pose_estimator' with the following arguments: {'ament_cmake_args': None, 'build_base': '/home/arz-1024/arm_ws/build/grasp_pose_estimator', 'catkin_cmake_args': None, 'catkin_skip_building_tests': False, 'cmake_args': None, 'cmake_clean_cache': False, 'cmake_clean_first': False, 'cmake_force_configure': False, 'cmake_target': None, 'cmake_target_skip_unavailable': False, 'install_base': '/home/arz-1024/arm_ws/install/grasp_pose_estimator', 'merge_install': False, 'path': '/home/arz-1024/arm_ws/src/grasp_pose_estimator', 'symlink_install': False, 'test_result_base': None}
[0.221s] Level 5:colcon.colcon_core.verb:set package 'arm_gazebo' build argument 'cmake_args' from command line to 'None'
[0.221s] Level 5:colcon.colcon_core.verb:set package 'arm_gazebo' build argument 'cmake_target' from command line to 'None'
[0.221s] Level 5:colcon.colcon_core.verb:set package 'arm_gazebo' build argument 'cmake_target_skip_unavailable' from command line to 'False'
[0.221s] Level 5:colcon.colcon_core.verb:set package 'arm_gazebo' build argument 'cmake_clean_cache' from command line to 'False'
[0.221s] Level 5:colcon.colcon_core.verb:set package 'arm_gazebo' build argument 'cmake_clean_first' from command line to 'False'
[0.221s] Level 5:colcon.colcon_core.verb:set package 'arm_gazebo' build argument 'cmake_force_configure' from command line to 'False'
[0.221s] Level 5:colcon.colcon_core.verb:set package 'arm_gazebo' build argument 'ament_cmake_args' from command line to 'None'
[0.221s] Level 5:colcon.colcon_core.verb:set package 'arm_gazebo' build argument 'catkin_cmake_args' from command line to 'None'
[0.221s] Level 5:colcon.colcon_core.verb:set package 'arm_gazebo' build argument 'catkin_skip_building_tests' from command line to 'False'
[0.221s] DEBUG:colcon.colcon_core.verb:Building package 'arm_gazebo' with the following arguments: {'ament_cmake_args': None, 'build_base': '/home/arz-1024/arm_ws/build/arm_gazebo', 'catkin_cmake_args': None, 'catkin_skip_building_tests': False, 'cmake_args': None, 'cmake_clean_cache': False, 'cmake_clean_first': False, 'cmake_force_configure': False, 'cmake_target': None, 'cmake_target_skip_unavailable': False, 'install_base': '/home/arz-1024/arm_ws/install/arm_gazebo', 'merge_install': False, 'path': '/home/arz-1024/arm_ws/src/arm_gazebo', 'symlink_install': False, 'test_result_base': None}
[0.221s] INFO:colcon.colcon_core.executor:Executing jobs using 'parallel' executor
[0.222s] DEBUG:colcon.colcon_parallel_executor.executor.parallel:run_until_complete
[0.223s] INFO:colcon.colcon_ros.task.ament_cmake.build:Building ROS package in '/home/arz-1024/arm_ws/src/arm_description' with build type 'ament_cmake'
[0.223s] INFO:colcon.colcon_cmake.task.cmake.build:Building CMake package in '/home/arz-1024/arm_ws/src/arm_description'
[0.225s] INFO:colcon.colcon_core.plugin_system:Skipping extension 'colcon_core.shell.bat': Not used on non-Windows systems
[0.225s] INFO:colcon.colcon_core.shell:Skip shell extension 'powershell' for command environment: Not usable outside of PowerShell
[0.225s] DEBUG:colcon.colcon_core.shell:Skip shell extension 'dsv' for command environment
[0.229s] INFO:colcon.colcon_ros.task.ament_python.build:Building ROS package in '/home/arz-1024/arm_ws/src/grasp_pose_estimator' with build type 'ament_python'
[0.230s] Level 1:colcon.colcon_core.shell:create_environment_hook('grasp_pose_estimator', 'ament_prefix_path')
[0.230s] INFO:colcon.colcon_core.shell:Creating environment hook '/home/arz-1024/arm_ws/install/grasp_pose_estimator/share/grasp_pose_estimator/hook/ament_prefix_path.ps1'
[0.231s] INFO:colcon.colcon_core.shell:Creating environment descriptor '/home/arz-1024/arm_ws/install/grasp_pose_estimator/share/grasp_pose_estimator/hook/ament_prefix_path.dsv'
[0.231s] INFO:colcon.colcon_core.shell:Creating environment hook '/home/arz-1024/arm_ws/install/grasp_pose_estimator/share/grasp_pose_estimator/hook/ament_prefix_path.sh'
[0.232s] INFO:colcon.colcon_core.shell:Skip shell extension 'powershell' for command environment: Not usable outside of PowerShell
[0.232s] DEBUG:colcon.colcon_core.shell:Skip shell extension 'dsv' for command environment
[0.247s] DEBUG:colcon.colcon_core.event_handler.log_command:Invoking command in '/home/arz-1024/arm_ws/build/arm_description': CMAKE_PREFIX_PATH=${CMAKE_PREFIX_PATH}:/home/arz-1024/arm_ws/install/grasp_pose_estimator:/home/arz-1024/arm_ws/install/arm_gazebo:/opt/ros/jazzy DEBUGINFOD_URLS=https://debuginfod.ubuntu.com /usr/bin/cmake --build /home/arz-1024/arm_ws/build/arm_description -- -j16 -l16
[0.489s] INFO:colcon.colcon_core.task.python.build:Building Python package in '/home/arz-1024/arm_ws/src/grasp_pose_estimator'
[0.489s] INFO:colcon.colcon_core.shell:Skip shell extension 'powershell' for command environment: Not usable outside of PowerShell
[0.489s] DEBUG:colcon.colcon_core.shell:Skip shell extension 'dsv' for command environment
[0.494s] DEBUG:colcon.colcon_core.event_handler.log_command:Invoked command in '/home/arz-1024/arm_ws/build/arm_description' returned '0': CMAKE_PREFIX_PATH=${CMAKE_PREFIX_PATH}:/home/arz-1024/arm_ws/install/grasp_pose_estimator:/home/arz-1024/arm_ws/install/arm_gazebo:/opt/ros/jazzy DEBUGINFOD_URLS=https://debuginfod.ubuntu.com /usr/bin/cmake --build /home/arz-1024/arm_ws/build/arm_description -- -j16 -l16
[0.503s] DEBUG:colcon.colcon_core.event_handler.log_command:Invoking command in '/home/arz-1024/arm_ws/build/arm_description': CMAKE_PREFIX_PATH=${CMAKE_PREFIX_PATH}:/home/arz-1024/arm_ws/install/grasp_pose_estimator:/home/arz-1024/arm_ws/install/arm_gazebo:/opt/ros/jazzy DEBUGINFOD_URLS=https://debuginfod.ubuntu.com /usr/bin/cmake --install /home/arz-1024/arm_ws/build/arm_description
[0.514s] Level 1:colcon.colcon_core.environment:create_environment_scripts_only(arm_description)
[0.518s] Level 1:colcon.colcon_core.environment:checking '/home/arz-1024/arm_ws/install/arm_description' for CMake module files
[0.519s] Level 1:colcon.colcon_core.environment:checking '/home/arz-1024/arm_ws/install/arm_description' for CMake config files
[0.519s] Level 1:colcon.colcon_core.shell:create_environment_hook('arm_description', 'cmake_prefix_path')
[0.519s] INFO:colcon.colcon_core.shell:Creating environment hook '/home/arz-1024/arm_ws/install/arm_description/share/arm_description/hook/cmake_prefix_path.ps1'
[0.520s] INFO:colcon.colcon_core.shell:Creating environment descriptor '/home/arz-1024/arm_ws/install/arm_description/share/arm_description/hook/cmake_prefix_path.dsv'
[0.521s] INFO:colcon.colcon_core.shell:Creating environment hook '/home/arz-1024/arm_ws/install/arm_description/share/arm_description/hook/cmake_prefix_path.sh'
[0.522s] DEBUG:colcon.colcon_core.event_handler.log_command:Invoked command in '/home/arz-1024/arm_ws/build/arm_description' returned '0': CMAKE_PREFIX_PATH=${CMAKE_PREFIX_PATH}:/home/arz-1024/arm_ws/install/grasp_pose_estimator:/home/arz-1024/arm_ws/install/arm_gazebo:/opt/ros/jazzy DEBUGINFOD_URLS=https://debuginfod.ubuntu.com /usr/bin/cmake --install /home/arz-1024/arm_ws/build/arm_description
[0.522s] Level 1:colcon.colcon_core.environment:checking '/home/arz-1024/arm_ws/install/arm_description/bin'
[0.522s] Level 1:colcon.colcon_core.environment:checking '/home/arz-1024/arm_ws/install/arm_description/lib/pkgconfig/arm_description.pc'
[0.523s] Level 1:colcon.colcon_core.environment:checking '/home/arz-1024/arm_ws/install/arm_description/lib/python3.12/site-packages'
[0.523s] Level 1:colcon.colcon_core.environment:checking '/home/arz-1024/arm_ws/install/arm_description/bin'
[0.523s] INFO:colcon.colcon_core.shell:Creating package script '/home/arz-1024/arm_ws/install/arm_description/share/arm_description/package.ps1'
[0.525s] INFO:colcon.colcon_core.shell:Creating package descriptor '/home/arz-1024/arm_ws/install/arm_description/share/arm_description/package.dsv'
[0.525s] INFO:colcon.colcon_core.shell:Creating package script '/home/arz-1024/arm_ws/install/arm_description/share/arm_description/package.sh'
[0.526s] INFO:colcon.colcon_core.shell:Creating package script '/home/arz-1024/arm_ws/install/arm_description/share/arm_description/package.bash'
[0.527s] INFO:colcon.colcon_core.shell:Creating package script '/home/arz-1024/arm_ws/install/arm_description/share/arm_description/package.zsh'
[0.528s] Level 1:colcon.colcon_core.environment:create_file_with_runtime_dependencies(/home/arz-1024/arm_ws/install/arm_description/share/colcon-core/packages/arm_description)
[0.528s] Level 1:colcon.colcon_core.environment:create_environment_scripts_only(arm_description)
[0.528s] Level 1:colcon.colcon_core.environment:checking '/home/arz-1024/arm_ws/install/arm_description' for CMake module files
[0.529s] Level 1:colcon.colcon_core.environment:checking '/home/arz-1024/arm_ws/install/arm_description' for CMake config files
[0.529s] Level 1:colcon.colcon_core.shell:create_environment_hook('arm_description', 'cmake_prefix_path')
[0.529s] INFO:colcon.colcon_core.shell:Creating environment hook '/home/arz-1024/arm_ws/install/arm_description/share/arm_description/hook/cmake_prefix_path.ps1'
[0.530s] INFO:colcon.colcon_core.shell:Creating environment descriptor '/home/arz-1024/arm_ws/install/arm_description/share/arm_description/hook/cmake_prefix_path.dsv'
[0.530s] INFO:colcon.colcon_core.shell:Creating environment hook '/home/arz-1024/arm_ws/install/arm_description/share/arm_description/hook/cmake_prefix_path.sh'
[0.531s] Level 1:colcon.colcon_core.environment:checking '/home/arz-1024/arm_ws/install/arm_description/bin'
[0.531s] Level 1:colcon.colcon_core.environment:checking '/home/arz-1024/arm_ws/install/arm_description/lib/pkgconfig/arm_description.pc'
[0.531s] Level 1:colcon.colcon_core.environment:checking '/home/arz-1024/arm_ws/install/arm_description/lib/python3.12/site-packages'
[0.532s] Level 1:colcon.colcon_core.environment:checking '/home/arz-1024/arm_ws/install/arm_description/bin'
[0.532s] INFO:colcon.colcon_core.shell:Creating package script '/home/arz-1024/arm_ws/install/arm_description/share/arm_description/package.ps1'
[0.532s] INFO:colcon.colcon_core.shell:Creating package descriptor '/home/arz-1024/arm_ws/install/arm_description/share/arm_description/package.dsv'
[0.533s] INFO:colcon.colcon_core.shell:Creating package script '/home/arz-1024/arm_ws/install/arm_description/share/arm_description/package.sh'
[0.533s] INFO:colcon.colcon_core.shell:Creating package script '/home/arz-1024/arm_ws/install/arm_description/share/arm_description/package.bash'
[0.534s] INFO:colcon.colcon_core.shell:Creating package script '/home/arz-1024/arm_ws/install/arm_description/share/arm_description/package.zsh'
[0.534s] Level 1:colcon.colcon_core.environment:create_file_with_runtime_dependencies(/home/arz-1024/arm_ws/install/arm_description/share/colcon-core/packages/arm_description)
[0.534s] INFO:colcon.colcon_ros.task.ament_python.build:Building ROS package in '/home/arz-1024/arm_ws/src/arm_gazebo' with build type 'ament_python'
[0.534s] Level 1:colcon.colcon_core.shell:create_environment_hook('arm_gazebo', 'ament_prefix_path')
[0.535s] INFO:colcon.colcon_core.shell:Creating environment hook '/home/arz-1024/arm_ws/install/arm_gazebo/share/arm_gazebo/hook/ament_prefix_path.ps1'
[0.535s] INFO:colcon.colcon_core.shell:Creating environment descriptor '/home/arz-1024/arm_ws/install/arm_gazebo/share/arm_gazebo/hook/ament_prefix_path.dsv'
[0.536s] INFO:colcon.colcon_core.shell:Creating environment hook '/home/arz-1024/arm_ws/install/arm_gazebo/share/arm_gazebo/hook/ament_prefix_path.sh'
[0.536s] INFO:colcon.colcon_core.shell:Skip shell extension 'powershell' for command environment: Not usable outside of PowerShell
[0.536s] DEBUG:colcon.colcon_core.shell:Skip shell extension 'dsv' for command environment
[0.797s] INFO:colcon.colcon_core.task.python.build:Building Python package in '/home/arz-1024/arm_ws/src/arm_gazebo'
[0.797s] INFO:colcon.colcon_core.shell:Skip shell extension 'powershell' for command environment: Not usable outside of PowerShell
[0.797s] DEBUG:colcon.colcon_core.shell:Skip shell extension 'dsv' for command environment
[1.262s] DEBUG:colcon.colcon_core.event_handler.log_command:Invoking command in '/home/arz-1024/arm_ws/src/grasp_pose_estimator': DEBUGINFOD_URLS=https://debuginfod.ubuntu.com PYTHONPATH=/home/arz-1024/arm_ws/build/grasp_pose_estimator/prefix_override:/usr/lib/python3/dist-packages/colcon_core/task/python/colcon_distutils_commands:/home/arz-1024/arm_ws/install/grasp_pose_estimator/lib/python3.12/site-packages:${PYTHONPATH} /usr/bin/python3 -W ignore:setup.py install is deprecated -W ignore:easy_install command is deprecated setup.py egg_info --egg-base ../../build/grasp_pose_estimator build --build-base /home/arz-1024/arm_ws/build/grasp_pose_estimator/build install --record /home/arz-1024/arm_ws/build/grasp_pose_estimator/install.log --single-version-externally-managed install_data
[1.554s] DEBUG:colcon.colcon_core.event_handler.log_command:Invoking command in '/home/arz-1024/arm_ws/src/arm_gazebo': DEBUGINFOD_URLS=https://debuginfod.ubuntu.com PYTHONPATH=/home/arz-1024/arm_ws/build/arm_gazebo/prefix_override:/usr/lib/python3/dist-packages/colcon_core/task/python/colcon_distutils_commands:/home/arz-1024/arm_ws/install/arm_gazebo/lib/python3.12/site-packages:${PYTHONPATH} /usr/bin/python3 -W ignore:setup.py install is deprecated -W ignore:easy_install command is deprecated setup.py egg_info --egg-base ../../build/arm_gazebo build --build-base /home/arz-1024/arm_ws/build/arm_gazebo/build install --record /home/arz-1024/arm_ws/build/arm_gazebo/install.log --single-version-externally-managed install_data
[1.964s] Level 1:colcon.colcon_core.environment:checking '/home/arz-1024/arm_ws/install/grasp_pose_estimator' for CMake module files
[1.964s] DEBUG:colcon.colcon_core.event_handler.log_command:Invoked command in '/home/arz-1024/arm_ws/src/grasp_pose_estimator' returned '0': DEBUGINFOD_URLS=https://debuginfod.ubuntu.com PYTHONPATH=/home/arz-1024/arm_ws/build/grasp_pose_estimator/prefix_override:/usr/lib/python3/dist-packages/colcon_core/task/python/colcon_distutils_commands:/home/arz-1024/arm_ws/install/grasp_pose_estimator/lib/python3.12/site-packages:${PYTHONPATH} /usr/bin/python3 -W ignore:setup.py install is deprecated -W ignore:easy_install command is deprecated setup.py egg_info --egg-base ../../build/grasp_pose_estimator build --build-base /home/arz-1024/arm_ws/build/grasp_pose_estimator/build install --record /home/arz-1024/arm_ws/build/grasp_pose_estimator/install.log --single-version-externally-managed install_data
[1.965s] Level 1:colcon.colcon_core.environment:checking '/home/arz-1024/arm_ws/install/grasp_pose_estimator' for CMake config files
[1.965s] Level 1:colcon.colcon_core.environment:checking '/home/arz-1024/arm_ws/install/grasp_pose_estimator/lib'
[1.965s] Level 1:colcon.colcon_core.environment:checking '/home/arz-1024/arm_ws/install/grasp_pose_estimator/bin'
[1.966s] Level 1:colcon.colcon_core.environment:checking '/home/arz-1024/arm_ws/install/grasp_pose_estimator/lib/pkgconfig/grasp_pose_estimator.pc'
[1.966s] Level 1:colcon.colcon_core.environment:checking '/home/arz-1024/arm_ws/install/grasp_pose_estimator/lib/python3.12/site-packages'
[1.966s] Level 1:colcon.colcon_core.shell:create_environment_hook('grasp_pose_estimator', 'pythonpath')
[1.966s] INFO:colcon.colcon_core.shell:Creating environment hook '/home/arz-1024/arm_ws/install/grasp_pose_estimator/share/grasp_pose_estimator/hook/pythonpath.ps1'
[1.966s] INFO:colcon.colcon_core.shell:Creating environment descriptor '/home/arz-1024/arm_ws/install/grasp_pose_estimator/share/grasp_pose_estimator/hook/pythonpath.dsv'
[1.967s] INFO:colcon.colcon_core.shell:Creating environment hook '/home/arz-1024/arm_ws/install/grasp_pose_estimator/share/grasp_pose_estimator/hook/pythonpath.sh'
[1.967s] Level 1:colcon.colcon_core.environment:checking '/home/arz-1024/arm_ws/install/grasp_pose_estimator/bin'
[1.967s] Level 1:colcon.colcon_core.environment:create_environment_scripts_only(grasp_pose_estimator)
[1.968s] INFO:colcon.colcon_core.shell:Creating package script '/home/arz-1024/arm_ws/install/grasp_pose_estimator/share/grasp_pose_estimator/package.ps1'
[1.968s] INFO:colcon.colcon_core.shell:Creating package descriptor '/home/arz-1024/arm_ws/install/grasp_pose_estimator/share/grasp_pose_estimator/package.dsv'
[1.968s] INFO:colcon.colcon_core.shell:Creating package script '/home/arz-1024/arm_ws/install/grasp_pose_estimator/share/grasp_pose_estimator/package.sh'
[1.969s] INFO:colcon.colcon_core.shell:Creating package script '/home/arz-1024/arm_ws/install/grasp_pose_estimator/share/grasp_pose_estimator/package.bash'
[1.969s] INFO:colcon.colcon_core.shell:Creating package script '/home/arz-1024/arm_ws/install/grasp_pose_estimator/share/grasp_pose_estimator/package.zsh'
[1.969s] Level 1:colcon.colcon_core.environment:create_file_with_runtime_dependencies(/home/arz-1024/arm_ws/install/grasp_pose_estimator/share/colcon-core/packages/grasp_pose_estimator)
[2.256s] Level 1:colcon.colcon_core.environment:checking '/home/arz-1024/arm_ws/install/arm_gazebo' for CMake module files
[2.256s] DEBUG:colcon.colcon_core.event_handler.log_command:Invoked command in '/home/arz-1024/arm_ws/src/arm_gazebo' returned '0': DEBUGINFOD_URLS=https://debuginfod.ubuntu.com PYTHONPATH=/home/arz-1024/arm_ws/build/arm_gazebo/prefix_override:/usr/lib/python3/dist-packages/colcon_core/task/python/colcon_distutils_commands:/home/arz-1024/arm_ws/install/arm_gazebo/lib/python3.12/site-packages:${PYTHONPATH} /usr/bin/python3 -W ignore:setup.py install is deprecated -W ignore:easy_install command is deprecated setup.py egg_info --egg-base ../../build/arm_gazebo build --build-base /home/arz-1024/arm_ws/build/arm_gazebo/build install --record /home/arz-1024/arm_ws/build/arm_gazebo/install.log --single-version-externally-managed install_data
[2.257s] Level 1:colcon.colcon_core.environment:checking '/home/arz-1024/arm_ws/install/arm_gazebo' for CMake config files
[2.257s] Level 1:colcon.colcon_core.environment:checking '/home/arz-1024/arm_ws/install/arm_gazebo/lib'
[2.258s] Level 1:colcon.colcon_core.environment:checking '/home/arz-1024/arm_ws/install/arm_gazebo/bin'
[2.258s] Level 1:colcon.colcon_core.environment:checking '/home/arz-1024/arm_ws/install/arm_gazebo/lib/pkgconfig/arm_gazebo.pc'
[2.258s] Level 1:colcon.colcon_core.environment:checking '/home/arz-1024/arm_ws/install/arm_gazebo/lib/python3.12/site-packages'
[2.258s] Level 1:colcon.colcon_core.shell:create_environment_hook('arm_gazebo', 'pythonpath')
[2.259s] INFO:colcon.colcon_core.shell:Creating environment hook '/home/arz-1024/arm_ws/install/arm_gazebo/share/arm_gazebo/hook/pythonpath.ps1'
[2.259s] INFO:colcon.colcon_core.shell:Creating environment descriptor '/home/arz-1024/arm_ws/install/arm_gazebo/share/arm_gazebo/hook/pythonpath.dsv'
[2.259s] INFO:colcon.colcon_core.shell:Creating environment hook '/home/arz-1024/arm_ws/install/arm_gazebo/share/arm_gazebo/hook/pythonpath.sh'
[2.260s] Level 1:colcon.colcon_core.environment:checking '/home/arz-1024/arm_ws/install/arm_gazebo/bin'
[2.260s] Level 1:colcon.colcon_core.environment:create_environment_scripts_only(arm_gazebo)
[2.260s] INFO:colcon.colcon_core.shell:Creating package script '/home/arz-1024/arm_ws/install/arm_gazebo/share/arm_gazebo/package.ps1'
[2.261s] INFO:colcon.colcon_core.shell:Creating package descriptor '/home/arz-1024/arm_ws/install/arm_gazebo/share/arm_gazebo/package.dsv'
[2.261s] INFO:colcon.colcon_core.shell:Creating package script '/home/arz-1024/arm_ws/install/arm_gazebo/share/arm_gazebo/package.sh'
[2.262s] INFO:colcon.colcon_core.shell:Creating package script '/home/arz-1024/arm_ws/install/arm_gazebo/share/arm_gazebo/package.bash'
[2.262s] INFO:colcon.colcon_core.shell:Creating package script '/home/arz-1024/arm_ws/install/arm_gazebo/share/arm_gazebo/package.zsh'
[2.262s] Level 1:colcon.colcon_core.environment:create_file_with_runtime_dependencies(/home/arz-1024/arm_ws/install/arm_gazebo/share/colcon-core/packages/arm_gazebo)
[2.262s] DEBUG:colcon.colcon_parallel_executor.executor.parallel:closing loop
[2.263s] DEBUG:colcon.colcon_parallel_executor.executor.parallel:loop closed
[2.263s] DEBUG:colcon.colcon_parallel_executor.executor.parallel:run_until_complete finished with '0'
[2.263s] DEBUG:colcon.colcon_core.event_reactor:joining thread
[2.268s] INFO:colcon.colcon_core.plugin_system:Skipping extension 'colcon_notification.desktop_notification.terminal_notifier': Not used on non-Darwin systems
[2.268s] INFO:colcon.colcon_core.plugin_system:Skipping extension 'colcon_notification.desktop_notification.win32': Not used on non-Windows systems
[2.268s] INFO:colcon.colcon_notification.desktop_notification:Sending desktop notification using 'notify2'
[2.280s] DEBUG:colcon.colcon_core.event_reactor:joined thread
[2.280s] INFO:colcon.colcon_core.shell:Creating prefix script '/home/arz-1024/arm_ws/install/local_setup.ps1'
[2.281s] INFO:colcon.colcon_core.shell:Creating prefix util module '/home/arz-1024/arm_ws/install/_local_setup_util_ps1.py'
[2.282s] INFO:colcon.colcon_core.shell:Creating prefix chain script '/home/arz-1024/arm_ws/install/setup.ps1'
[2.284s] INFO:colcon.colcon_core.shell:Creating prefix script '/home/arz-1024/arm_ws/install/local_setup.sh'
[2.284s] INFO:colcon.colcon_core.shell:Creating prefix util module '/home/arz-1024/arm_ws/install/_local_setup_util_sh.py'
[2.285s] INFO:colcon.colcon_core.shell:Creating prefix chain script '/home/arz-1024/arm_ws/install/setup.sh'
[2.286s] INFO:colcon.colcon_core.shell:Creating prefix script '/home/arz-1024/arm_ws/install/local_setup.bash'
[2.287s] INFO:colcon.colcon_core.shell:Creating prefix chain script '/home/arz-1024/arm_ws/install/setup.bash'
[2.288s] INFO:colcon.colcon_core.shell:Creating prefix script '/home/arz-1024/arm_ws/install/local_setup.zsh'
[2.288s] INFO:colcon.colcon_core.shell:Creating prefix chain script '/home/arz-1024/arm_ws/install/setup.zsh'
