[2.753s] Invoking command in '/home/arz-1024/arm_ws/src/arm_gazebo': DEBUGINFOD_URLS=https://debuginfod.ubuntu.com PYTHONPATH=/home/arz-1024/arm_ws/build/arm_gazebo/prefix_override:/usr/lib/python3/dist-packages/colcon_core/task/python/colcon_distutils_commands:/home/arz-1024/arm_ws/install/arm_gazebo/lib/python3.12/site-packages:${PYTHONPATH} /usr/bin/python3 -W ignore:setup.py install is deprecated -W ignore:easy_install command is deprecated setup.py egg_info --egg-base ../../build/arm_gazebo build --build-base /home/arz-1024/arm_ws/build/arm_gazebo/build install --record /home/arz-1024/arm_ws/build/arm_gazebo/install.log --single-version-externally-managed install_data
[3.698s] running egg_info
[3.777s] writing ../../build/arm_gazebo/arm_gazebo.egg-info/PKG-INFO
[3.778s] writing dependency_links to ../../build/arm_gazebo/arm_gazebo.egg-info/dependency_links.txt
[3.778s] writing entry points to ../../build/arm_gazebo/arm_gazebo.egg-info/entry_points.txt
[3.778s] writing requirements to ../../build/arm_gazebo/arm_gazebo.egg-info/requires.txt
[3.779s] writing top-level names to ../../build/arm_gazebo/arm_gazebo.egg-info/top_level.txt
[3.860s] reading manifest file '../../build/arm_gazebo/arm_gazebo.egg-info/SOURCES.txt'
[3.860s] adding license file 'LICENSE'
[3.861s] writing manifest file '../../build/arm_gazebo/arm_gazebo.egg-info/SOURCES.txt'
[3.862s] running build
[3.862s] running install
[3.876s] running install_data
[3.876s] running install_egg_info
[4.042s] removing '/home/arz-1024/arm_ws/install/arm_gazebo/lib/python3.12/site-packages/arm_gazebo-0.0.0-py3.12.egg-info' (and everything under it)
[4.042s] Copying ../../build/arm_gazebo/arm_gazebo.egg-info to /home/arz-1024/arm_ws/install/arm_gazebo/lib/python3.12/site-packages/arm_gazebo-0.0.0-py3.12.egg-info
[4.044s] running install_scripts
[4.528s] Installing trajectory_publisher_server script to /home/arz-1024/arm_ws/install/arm_gazebo/lib/arm_gazebo
[4.528s] writing list of installed files to '/home/arz-1024/arm_ws/build/arm_gazebo/install.log'
[4.586s] Invoked command in '/home/arz-1024/arm_ws/src/arm_gazebo' returned '0': DEBUGINFOD_URLS=https://debuginfod.ubuntu.com PYTHONPATH=/home/arz-1024/arm_ws/build/arm_gazebo/prefix_override:/usr/lib/python3/dist-packages/colcon_core/task/python/colcon_distutils_commands:/home/arz-1024/arm_ws/install/arm_gazebo/lib/python3.12/site-packages:${PYTHONPATH} /usr/bin/python3 -W ignore:setup.py install is deprecated -W ignore:easy_install command is deprecated setup.py egg_info --egg-base ../../build/arm_gazebo build --build-base /home/arz-1024/arm_ws/build/arm_gazebo/build install --record /home/arz-1024/arm_ws/build/arm_gazebo/install.log --single-version-externally-managed install_data
