[1.167s] Invoking command in '/home/arz-1024/arm_ws/src/grasp_pose_estimator': DEBUGINFOD_URLS=https://debuginfod.ubuntu.com PYTHONPATH=/home/arz-1024/arm_ws/build/grasp_pose_estimator/prefix_override:/usr/lib/python3/dist-packages/colcon_core/task/python/colcon_distutils_commands:/home/arz-1024/arm_ws/install/grasp_pose_estimator/lib/python3.12/site-packages:${PYTHONPATH} /usr/bin/python3 -W ignore:setup.py install is deprecated -W ignore:easy_install command is deprecated setup.py egg_info --egg-base ../../build/grasp_pose_estimator build --build-base /home/arz-1024/arm_ws/build/grasp_pose_estimator/build install --record /home/arz-1024/arm_ws/build/grasp_pose_estimator/install.log --single-version-externally-managed install_data
[1.583s] running egg_info
[1.613s] writing ../../build/grasp_pose_estimator/grasp_pose_estimator.egg-info/PKG-INFO
[1.614s] writing dependency_links to ../../build/grasp_pose_estimator/grasp_pose_estimator.egg-info/dependency_links.txt
[1.614s] writing entry points to ../../build/grasp_pose_estimator/grasp_pose_estimator.egg-info/entry_points.txt
[1.614s] writing requirements to ../../build/grasp_pose_estimator/grasp_pose_estimator.egg-info/requires.txt
[1.614s] writing top-level names to ../../build/grasp_pose_estimator/grasp_pose_estimator.egg-info/top_level.txt
[1.683s] reading manifest file '../../build/grasp_pose_estimator/grasp_pose_estimator.egg-info/SOURCES.txt'
[1.683s] adding license file 'LICENSE'
[1.684s] writing manifest file '../../build/grasp_pose_estimator/grasp_pose_estimator.egg-info/SOURCES.txt'
[1.684s] running build
[1.684s] running build_py
[1.684s] copying grasp_pose_estimator/depth_processor.py -> /home/arz-1024/arm_ws/build/grasp_pose_estimator/build/lib/grasp_pose_estimator
[1.685s] running install
[1.694s] running install_lib
[1.730s] copying /home/arz-1024/arm_ws/build/grasp_pose_estimator/build/lib/grasp_pose_estimator/depth_processor.py -> /home/arz-1024/arm_ws/install/grasp_pose_estimator/lib/python3.12/site-packages/grasp_pose_estimator
[1.731s] byte-compiling /home/arz-1024/arm_ws/install/grasp_pose_estimator/lib/python3.12/site-packages/grasp_pose_estimator/depth_processor.py to depth_processor.cpython-312.pyc
[1.733s] running install_data
[1.733s] running install_egg_info
[1.767s] removing '/home/arz-1024/arm_ws/install/grasp_pose_estimator/lib/python3.12/site-packages/grasp_pose_estimator-0.0.0-py3.12.egg-info' (and everything under it)
[1.767s] Copying ../../build/grasp_pose_estimator/grasp_pose_estimator.egg-info to /home/arz-1024/arm_ws/install/grasp_pose_estimator/lib/python3.12/site-packages/grasp_pose_estimator-0.0.0-py3.12.egg-info
[1.768s] running install_scripts
[1.971s] Installing depth_process script to /home/arz-1024/arm_ws/install/grasp_pose_estimator/lib/grasp_pose_estimator
[1.971s] Installing yolo_detect script to /home/arz-1024/arm_ws/install/grasp_pose_estimator/lib/grasp_pose_estimator
[1.971s] writing list of installed files to '/home/arz-1024/arm_ws/build/grasp_pose_estimator/install.log'
[2.017s] Invoked command in '/home/arz-1024/arm_ws/src/grasp_pose_estimator' returned '0': DEBUGINFOD_URLS=https://debuginfod.ubuntu.com PYTHONPATH=/home/arz-1024/arm_ws/build/grasp_pose_estimator/prefix_override:/usr/lib/python3/dist-packages/colcon_core/task/python/colcon_distutils_commands:/home/arz-1024/arm_ws/install/grasp_pose_estimator/lib/python3.12/site-packages:${PYTHONPATH} /usr/bin/python3 -W ignore:setup.py install is deprecated -W ignore:easy_install command is deprecated setup.py egg_info --egg-base ../../build/grasp_pose_estimator build --build-base /home/arz-1024/arm_ws/build/grasp_pose_estimator/build install --record /home/arz-1024/arm_ws/build/grasp_pose_estimator/install.log --single-version-externally-managed install_data
