running egg_info
writing build/arm_gazebo/arm_gazebo.egg-info/PKG-INFO
writing dependency_links to build/arm_gazebo/arm_gazebo.egg-info/dependency_links.txt
writing requirements to build/arm_gazebo/arm_gazebo.egg-info/requires.txt
writing top-level names to build/arm_gazebo/arm_gazebo.egg-info/top_level.txt
reading manifest file 'build/arm_gazebo/arm_gazebo.egg-info/SOURCES.txt'
adding license file 'LICENSE'
writing manifest file 'build/arm_gazebo/arm_gazebo.egg-info/SOURCES.txt'
running build
running build_py
running install
running install_lib
running install_data
copying package.xml -> /home/arz-1024/arm_ws/src/arm_gazebo/install/arm_gazebo/share/arm_gazebo
copying launch/6dof_gazebo.launch.py -> /home/arz-1024/arm_ws/src/arm_gazebo/install/arm_gazebo/share/arm_gazebo/launch
running install_egg_info
removing '/home/arz-1024/arm_ws/src/arm_gazebo/install/arm_gazebo/lib/python3.12/site-packages/arm_gazebo-0.0.0-py3.12.egg-info' (and everything under it)
Copying build/arm_gazebo/arm_gazebo.egg-info to /home/arz-1024/arm_ws/src/arm_gazebo/install/arm_gazebo/lib/python3.12/site-packages/arm_gazebo-0.0.0-py3.12.egg-info
running install_scripts
writing list of installed files to '/home/arz-1024/arm_ws/src/arm_gazebo/build/arm_gazebo/install.log'
