[1.673s] Invoking command in '/home/arz-1024/arm_ws/src/arm_gazebo': DEBUGINFOD_URLS=https://debuginfod.ubuntu.com PYTHONPATH=/home/arz-1024/arm_ws/build/arm_gazebo/prefix_override:/usr/lib/python3/dist-packages/colcon_core/task/python/colcon_distutils_commands:/home/arz-1024/arm_ws/install/arm_gazebo/lib/python3.12/site-packages:${PYTHONPATH} /usr/bin/python3 -W ignore:setup.py install is deprecated -W ignore:easy_install command is deprecated setup.py egg_info --egg-base ../../build/arm_gazebo build --build-base /home/arz-1024/arm_ws/build/arm_gazebo/build install --record /home/arz-1024/arm_ws/build/arm_gazebo/install.log --single-version-externally-managed install_data
[2.209s] running egg_info
[2.257s] writing ../../build/arm_gazebo/arm_gazebo.egg-info/PKG-INFO
[2.257s] writing dependency_links to ../../build/arm_gazebo/arm_gazebo.egg-info/dependency_links.txt
[2.257s] writing entry points to ../../build/arm_gazebo/arm_gazebo.egg-info/entry_points.txt
[2.258s] writing requirements to ../../build/arm_gazebo/arm_gazebo.egg-info/requires.txt
[2.258s] writing top-level names to ../../build/arm_gazebo/arm_gazebo.egg-info/top_level.txt
[2.303s] reading manifest file '../../build/arm_gazebo/arm_gazebo.egg-info/SOURCES.txt'
[2.303s] adding license file 'LICENSE'
[2.304s] writing manifest file '../../build/arm_gazebo/arm_gazebo.egg-info/SOURCES.txt'
[2.304s] running build
[2.304s] running install
[2.311s] running install_data
[2.312s] running install_egg_info
[2.398s] removing '/home/arz-1024/arm_ws/install/arm_gazebo/lib/python3.12/site-packages/arm_gazebo-0.0.0-py3.12.egg-info' (and everything under it)
[2.399s] Copying ../../build/arm_gazebo/arm_gazebo.egg-info to /home/arz-1024/arm_ws/install/arm_gazebo/lib/python3.12/site-packages/arm_gazebo-0.0.0-py3.12.egg-info
[2.401s] running install_scripts
[2.642s] Installing trajectory_publisher_server script to /home/arz-1024/arm_ws/install/arm_gazebo/lib/arm_gazebo
[2.643s] writing list of installed files to '/home/arz-1024/arm_ws/build/arm_gazebo/install.log'
[2.746s] Invoked command in '/home/arz-1024/arm_ws/src/arm_gazebo' returned '0': DEBUGINFOD_URLS=https://debuginfod.ubuntu.com PYTHONPATH=/home/arz-1024/arm_ws/build/arm_gazebo/prefix_override:/usr/lib/python3/dist-packages/colcon_core/task/python/colcon_distutils_commands:/home/arz-1024/arm_ws/install/arm_gazebo/lib/python3.12/site-packages:${PYTHONPATH} /usr/bin/python3 -W ignore:setup.py install is deprecated -W ignore:easy_install command is deprecated setup.py egg_info --egg-base ../../build/arm_gazebo build --build-base /home/arz-1024/arm_ws/build/arm_gazebo/build install --record /home/arz-1024/arm_ws/build/arm_gazebo/install.log --single-version-externally-managed install_data
