[0.101s] DEBUG:colcon:Command line arguments: ['/usr/bin/colcon', 'build', '--symlink-install']
[0.101s] DEBUG:colcon:Parsed command line arguments: Namespace(log_base=None, log_level=None, verb_name='build', build_base='build', install_base='install', merge_install=False, symlink_install=True, test_result_base=None, continue_on_error=False, executor='parallel', parallel_workers=16, event_handlers=None, ignore_user_meta=False, metas=['./colcon.meta'], base_paths=['.'], packages_ignore=None, packages_ignore_regex=None, paths=None, packages_up_to=None, packages_up_to_regex=None, packages_above=None, packages_above_and_dependencies=None, packages_above_depth=None, packages_select_by_dep=None, packages_skip_by_dep=None, packages_skip_up_to=None, packages_select_build_failed=False, packages_skip_build_finished=False, packages_select_test_failures=False, packages_skip_test_passed=False, packages_select=None, packages_skip=None, packages_select_regex=None, packages_skip_regex=None, packages_start=None, packages_end=None, allow_overriding=[], cmake_args=None, cmake_target=None, cmake_target_skip_unavailable=False, cmake_clean_cache=False, cmake_clean_first=False, cmake_force_configure=False, ament_cmake_args=None, catkin_cmake_args=None, catkin_skip_building_tests=False, mixin_files=None, mixin=None, verb_parser=<colcon_mixin.mixin.mixin_argument.MixinArgumentDecorator object at 0x7544c35b07d0>, verb_extension=<colcon_core.verb.build.BuildVerb object at 0x7544c357ba40>, main=<bound method BuildVerb.main of <colcon_core.verb.build.BuildVerb object at 0x7544c357ba40>>, mixin_verb=('build',))
[0.137s] Level 1:colcon.colcon_core.package_discovery:discover_packages(colcon_meta) check parameters
[0.137s] Level 1:colcon.colcon_core.package_discovery:discover_packages(recursive) check parameters
[0.137s] Level 1:colcon.colcon_core.package_discovery:discover_packages(ignore) check parameters
[0.137s] Level 1:colcon.colcon_core.package_discovery:discover_packages(path) check parameters
[0.137s] Level 1:colcon.colcon_core.package_discovery:discover_packages(colcon_meta) discover
[0.137s] Level 1:colcon.colcon_core.package_discovery:discover_packages(recursive) discover
[0.137s] INFO:colcon.colcon_core.package_discovery:Crawling recursively for packages in '/home/arz-1024/arm_ws/src/arm_gazebo'
[0.137s] Level 1:colcon.colcon_core.package_identification:_identify(.) by extensions ['ignore', 'ignore_ament_install']
[0.137s] Level 1:colcon.colcon_core.package_identification:_identify(.) by extension 'ignore'
[0.137s] Level 1:colcon.colcon_core.package_identification:_identify(.) by extension 'ignore_ament_install'
[0.137s] Level 1:colcon.colcon_core.package_identification:_identify(.) by extensions ['colcon_pkg']
[0.137s] Level 1:colcon.colcon_core.package_identification:_identify(.) by extension 'colcon_pkg'
[0.137s] Level 1:colcon.colcon_core.package_identification:_identify(.) by extensions ['colcon_meta']
[0.137s] Level 1:colcon.colcon_core.package_identification:_identify(.) by extension 'colcon_meta'
[0.137s] Level 1:colcon.colcon_core.package_identification:_identify(.) by extensions ['ros']
[0.138s] Level 1:colcon.colcon_core.package_identification:_identify(.) by extension 'ros'
[0.164s] DEBUG:colcon.colcon_core.package_identification:Package '.' with type 'ros.ament_python' and name 'arm_gazebo'
[0.164s] Level 1:colcon.colcon_core.package_discovery:discover_packages(recursive) using defaults
[0.165s] Level 1:colcon.colcon_core.package_discovery:discover_packages(ignore) discover
[0.165s] Level 1:colcon.colcon_core.package_discovery:discover_packages(ignore) using defaults
[0.165s] Level 1:colcon.colcon_core.package_discovery:discover_packages(path) discover
[0.165s] Level 1:colcon.colcon_core.package_discovery:discover_packages(path) using defaults
[0.181s] Level 1:colcon.colcon_core.package_discovery:discover_packages(prefix_path) check parameters
[0.181s] Level 1:colcon.colcon_core.package_discovery:discover_packages(prefix_path) discover
[0.183s] DEBUG:colcon.colcon_installed_package_information.package_discovery:Found 387 installed packages in /opt/ros/jazzy
[0.185s] Level 1:colcon.colcon_core.package_discovery:discover_packages(prefix_path) using defaults
[0.236s] Level 5:colcon.colcon_core.verb:set package 'arm_gazebo' build argument 'cmake_args' from command line to 'None'
[0.236s] Level 5:colcon.colcon_core.verb:set package 'arm_gazebo' build argument 'cmake_target' from command line to 'None'
[0.236s] Level 5:colcon.colcon_core.verb:set package 'arm_gazebo' build argument 'cmake_target_skip_unavailable' from command line to 'False'
[0.236s] Level 5:colcon.colcon_core.verb:set package 'arm_gazebo' build argument 'cmake_clean_cache' from command line to 'False'
[0.236s] Level 5:colcon.colcon_core.verb:set package 'arm_gazebo' build argument 'cmake_clean_first' from command line to 'False'
[0.236s] Level 5:colcon.colcon_core.verb:set package 'arm_gazebo' build argument 'cmake_force_configure' from command line to 'False'
[0.236s] Level 5:colcon.colcon_core.verb:set package 'arm_gazebo' build argument 'ament_cmake_args' from command line to 'None'
[0.236s] Level 5:colcon.colcon_core.verb:set package 'arm_gazebo' build argument 'catkin_cmake_args' from command line to 'None'
[0.236s] Level 5:colcon.colcon_core.verb:set package 'arm_gazebo' build argument 'catkin_skip_building_tests' from command line to 'False'
[0.236s] DEBUG:colcon.colcon_core.verb:Building package 'arm_gazebo' with the following arguments: {'ament_cmake_args': None, 'build_base': '/home/arz-1024/arm_ws/src/arm_gazebo/build/arm_gazebo', 'catkin_cmake_args': None, 'catkin_skip_building_tests': False, 'cmake_args': None, 'cmake_clean_cache': False, 'cmake_clean_first': False, 'cmake_force_configure': False, 'cmake_target': None, 'cmake_target_skip_unavailable': False, 'install_base': '/home/arz-1024/arm_ws/src/arm_gazebo/install/arm_gazebo', 'merge_install': False, 'path': '/home/arz-1024/arm_ws/src/arm_gazebo', 'symlink_install': True, 'test_result_base': None}
[0.236s] INFO:colcon.colcon_core.executor:Executing jobs using 'parallel' executor
[0.237s] DEBUG:colcon.colcon_parallel_executor.executor.parallel:run_until_complete
[0.237s] INFO:colcon.colcon_ros.task.ament_python.build:Building ROS package in '/home/arz-1024/arm_ws/src/arm_gazebo' with build type 'ament_python'
[0.237s] Level 1:colcon.colcon_core.shell:create_environment_hook('arm_gazebo', 'ament_prefix_path')
[0.239s] INFO:colcon.colcon_core.plugin_system:Skipping extension 'colcon_core.shell.bat': Not used on non-Windows systems
[0.239s] INFO:colcon.colcon_core.shell:Creating environment hook '/home/arz-1024/arm_ws/src/arm_gazebo/install/arm_gazebo/share/arm_gazebo/hook/ament_prefix_path.ps1'
[0.240s] INFO:colcon.colcon_core.shell:Creating environment descriptor '/home/arz-1024/arm_ws/src/arm_gazebo/install/arm_gazebo/share/arm_gazebo/hook/ament_prefix_path.dsv'
[0.241s] INFO:colcon.colcon_core.shell:Creating environment hook '/home/arz-1024/arm_ws/src/arm_gazebo/install/arm_gazebo/share/arm_gazebo/hook/ament_prefix_path.sh'
[0.241s] INFO:colcon.colcon_core.shell:Skip shell extension 'powershell' for command environment: Not usable outside of PowerShell
[0.241s] DEBUG:colcon.colcon_core.shell:Skip shell extension 'dsv' for command environment
[0.454s] INFO:colcon.colcon_core.task.python.build:Building Python package in '/home/arz-1024/arm_ws/src/arm_gazebo'
[0.454s] INFO:colcon.colcon_core.shell:Skip shell extension 'powershell' for command environment: Not usable outside of PowerShell
[0.454s] DEBUG:colcon.colcon_core.shell:Skip shell extension 'dsv' for command environment
[1.022s] DEBUG:colcon.colcon_core.task.python.build:While undoing a previous installation files outside the Python library path are being ignored: /home/arz-1024/arm_ws/src/arm_gazebo/install/arm_gazebo/share/ament_index/resource_index/packages/arm_gazebo
[1.023s] DEBUG:colcon.colcon_core.task.python.build:While undoing a previous installation files outside the Python library path are being ignored: /home/arz-1024/arm_ws/src/arm_gazebo/install/arm_gazebo/share/arm_gazebo/package.xml
[1.023s] DEBUG:colcon.colcon_core.task.python.build:While undoing a previous installation files outside the Python library path are being ignored: /home/arz-1024/arm_ws/src/arm_gazebo/install/arm_gazebo/share/arm_gazebo/launch/6dof_gazebo.launch.py
[1.023s] DEBUG:colcon.colcon_core.task.python.build:While undoing a previous installation files outside the Python library path are being ignored: /home/arz-1024/arm_ws/src/arm_gazebo/install/arm_gazebo/share/arm_gazebo/urdf/arm_control.urdf.xacro
[1.023s] DEBUG:colcon.colcon_core.task.python.build:While undoing a previous installation files outside the Python library path are being ignored: /home/arz-1024/arm_ws/src/arm_gazebo/install/arm_gazebo/share/arm_gazebo/config
[1.023s] DEBUG:colcon.colcon_core.task.python.build:While undoing a previous installation files outside the Python library path are being ignored: /home/arz-1024/arm_ws/src/arm_gazebo/install/arm_gazebo/share/arm_gazebo/world
[1.026s] DEBUG:colcon.colcon_core.event_handler.log_command:Invoking command in '/home/arz-1024/arm_ws/src/arm_gazebo/build/arm_gazebo': DEBUGINFOD_URLS=https://debuginfod.ubuntu.com PYTHONPATH=/home/arz-1024/arm_ws/src/arm_gazebo/build/arm_gazebo/prefix_override:/usr/lib/python3/dist-packages/colcon_core/task/python/colcon_distutils_commands:/home/arz-1024/arm_ws/src/arm_gazebo/install/arm_gazebo/lib/python3.12/site-packages:${PYTHONPATH} /usr/bin/python3 -W ignore:setup.py install is deprecated -W ignore:easy_install command is deprecated setup.py develop --editable --build-directory /home/arz-1024/arm_ws/src/arm_gazebo/build/arm_gazebo/build --no-deps symlink_data --force
[1.632s] Level 1:colcon.colcon_core.shell:create_environment_hook('arm_gazebo', 'pythonpath_develop')
[1.632s] INFO:colcon.colcon_core.shell:Creating environment hook '/home/arz-1024/arm_ws/src/arm_gazebo/build/arm_gazebo/share/arm_gazebo/hook/pythonpath_develop.ps1'
[1.632s] DEBUG:colcon.colcon_core.event_handler.log_command:Invoked command in '/home/arz-1024/arm_ws/src/arm_gazebo/build/arm_gazebo' returned '0': DEBUGINFOD_URLS=https://debuginfod.ubuntu.com PYTHONPATH=/home/arz-1024/arm_ws/src/arm_gazebo/build/arm_gazebo/prefix_override:/usr/lib/python3/dist-packages/colcon_core/task/python/colcon_distutils_commands:/home/arz-1024/arm_ws/src/arm_gazebo/install/arm_gazebo/lib/python3.12/site-packages:${PYTHONPATH} /usr/bin/python3 -W ignore:setup.py install is deprecated -W ignore:easy_install command is deprecated setup.py develop --editable --build-directory /home/arz-1024/arm_ws/src/arm_gazebo/build/arm_gazebo/build --no-deps symlink_data --force
[1.633s] INFO:colcon.colcon_core.shell:Creating environment descriptor '/home/arz-1024/arm_ws/src/arm_gazebo/build/arm_gazebo/share/arm_gazebo/hook/pythonpath_develop.dsv'
[1.633s] INFO:colcon.colcon_core.shell:Creating environment hook '/home/arz-1024/arm_ws/src/arm_gazebo/build/arm_gazebo/share/arm_gazebo/hook/pythonpath_develop.sh'
[1.635s] Level 1:colcon.colcon_core.environment:checking '/home/arz-1024/arm_ws/src/arm_gazebo/install/arm_gazebo' for CMake module files
[1.636s] Level 1:colcon.colcon_core.environment:checking '/home/arz-1024/arm_ws/src/arm_gazebo/install/arm_gazebo' for CMake config files
[1.636s] Level 1:colcon.colcon_core.environment:checking '/home/arz-1024/arm_ws/src/arm_gazebo/install/arm_gazebo/lib'
[1.637s] Level 1:colcon.colcon_core.environment:checking '/home/arz-1024/arm_ws/src/arm_gazebo/install/arm_gazebo/bin'
[1.637s] Level 1:colcon.colcon_core.environment:checking '/home/arz-1024/arm_ws/src/arm_gazebo/install/arm_gazebo/lib/pkgconfig/arm_gazebo.pc'
[1.637s] Level 1:colcon.colcon_core.environment:checking '/home/arz-1024/arm_ws/src/arm_gazebo/install/arm_gazebo/lib/python3.12/site-packages'
[1.637s] Level 1:colcon.colcon_core.shell:create_environment_hook('arm_gazebo', 'pythonpath')
[1.637s] INFO:colcon.colcon_core.shell:Creating environment hook '/home/arz-1024/arm_ws/src/arm_gazebo/install/arm_gazebo/share/arm_gazebo/hook/pythonpath.ps1'
[1.637s] INFO:colcon.colcon_core.shell:Creating environment descriptor '/home/arz-1024/arm_ws/src/arm_gazebo/install/arm_gazebo/share/arm_gazebo/hook/pythonpath.dsv'
[1.638s] INFO:colcon.colcon_core.shell:Creating environment hook '/home/arz-1024/arm_ws/src/arm_gazebo/install/arm_gazebo/share/arm_gazebo/hook/pythonpath.sh'
[1.638s] Level 1:colcon.colcon_core.environment:checking '/home/arz-1024/arm_ws/src/arm_gazebo/install/arm_gazebo/bin'
[1.639s] Level 1:colcon.colcon_core.environment:create_environment_scripts_only(arm_gazebo)
[1.639s] INFO:colcon.colcon_core.shell:Creating package script '/home/arz-1024/arm_ws/src/arm_gazebo/install/arm_gazebo/share/arm_gazebo/package.ps1'
[1.640s] INFO:colcon.colcon_core.shell:Creating package descriptor '/home/arz-1024/arm_ws/src/arm_gazebo/install/arm_gazebo/share/arm_gazebo/package.dsv'
[1.640s] INFO:colcon.colcon_core.shell:Creating package script '/home/arz-1024/arm_ws/src/arm_gazebo/install/arm_gazebo/share/arm_gazebo/package.sh'
[1.641s] INFO:colcon.colcon_core.shell:Creating package script '/home/arz-1024/arm_ws/src/arm_gazebo/install/arm_gazebo/share/arm_gazebo/package.bash'
[1.641s] INFO:colcon.colcon_core.shell:Creating package script '/home/arz-1024/arm_ws/src/arm_gazebo/install/arm_gazebo/share/arm_gazebo/package.zsh'
[1.642s] Level 1:colcon.colcon_core.environment:create_file_with_runtime_dependencies(/home/arz-1024/arm_ws/src/arm_gazebo/install/arm_gazebo/share/colcon-core/packages/arm_gazebo)
[1.642s] DEBUG:colcon.colcon_parallel_executor.executor.parallel:closing loop
[1.642s] DEBUG:colcon.colcon_parallel_executor.executor.parallel:loop closed
[1.643s] DEBUG:colcon.colcon_parallel_executor.executor.parallel:run_until_complete finished with '0'
[1.643s] DEBUG:colcon.colcon_core.event_reactor:joining thread
[1.649s] INFO:colcon.colcon_core.plugin_system:Skipping extension 'colcon_notification.desktop_notification.terminal_notifier': Not used on non-Darwin systems
[1.649s] INFO:colcon.colcon_core.plugin_system:Skipping extension 'colcon_notification.desktop_notification.win32': Not used on non-Windows systems
[1.649s] INFO:colcon.colcon_notification.desktop_notification:Sending desktop notification using 'notify2'
[1.663s] DEBUG:colcon.colcon_core.event_reactor:joined thread
[1.664s] INFO:colcon.colcon_core.shell:Creating prefix script '/home/arz-1024/arm_ws/src/arm_gazebo/install/local_setup.ps1'
[1.665s] INFO:colcon.colcon_core.shell:Creating prefix util module '/home/arz-1024/arm_ws/src/arm_gazebo/install/_local_setup_util_ps1.py'
[1.666s] INFO:colcon.colcon_core.shell:Creating prefix chain script '/home/arz-1024/arm_ws/src/arm_gazebo/install/setup.ps1'
[1.667s] INFO:colcon.colcon_core.shell:Creating prefix script '/home/arz-1024/arm_ws/src/arm_gazebo/install/local_setup.sh'
[1.667s] INFO:colcon.colcon_core.shell:Creating prefix util module '/home/arz-1024/arm_ws/src/arm_gazebo/install/_local_setup_util_sh.py'
[1.668s] INFO:colcon.colcon_core.shell:Creating prefix chain script '/home/arz-1024/arm_ws/src/arm_gazebo/install/setup.sh'
[1.668s] INFO:colcon.colcon_core.shell:Creating prefix script '/home/arz-1024/arm_ws/src/arm_gazebo/install/local_setup.bash'
[1.669s] INFO:colcon.colcon_core.shell:Creating prefix chain script '/home/arz-1024/arm_ws/src/arm_gazebo/install/setup.bash'
[1.670s] INFO:colcon.colcon_core.shell:Creating prefix script '/home/arz-1024/arm_ws/src/arm_gazebo/install/local_setup.zsh'
[1.670s] INFO:colcon.colcon_core.shell:Creating prefix chain script '/home/arz-1024/arm_ws/src/arm_gazebo/install/setup.zsh'
