[2.583s] Invoking command in '/home/arz-1024/arm_ws/src/arm_gazebo': AMENT_PREFIX_PATH=/home/arz-1024/arm_ws/install/arm_description:${AMENT_PREFIX_PATH} CMAKE_PREFIX_PATH=/home/arz-1024/arm_ws/install/arm_description:${CMAKE_PREFIX_PATH} DEBUGINFOD_URLS=https://debuginfod.ubuntu.com PYTHONPATH=/home/arz-1024/arm_ws/build/arm_gazebo/prefix_override:/usr/lib/python3/dist-packages/colcon_core/task/python/colcon_distutils_commands:/home/arz-1024/arm_ws/install/arm_gazebo/lib/python3.12/site-packages:${PYTHONPATH} /usr/bin/python3 -W ignore:setup.py install is deprecated -W ignore:easy_install command is deprecated setup.py egg_info --egg-base ../../build/arm_gazebo build --build-base /home/arz-1024/arm_ws/build/arm_gazebo/build install --record /home/arz-1024/arm_ws/build/arm_gazebo/install.log --single-version-externally-managed install_data
[3.404s] running egg_info
[3.474s] writing ../../build/arm_gazebo/arm_gazebo.egg-info/PKG-INFO
[3.483s] writing dependency_links to ../../build/arm_gazebo/arm_gazebo.egg-info/dependency_links.txt
[3.483s] writing entry points to ../../build/arm_gazebo/arm_gazebo.egg-info/entry_points.txt
[3.484s] writing requirements to ../../build/arm_gazebo/arm_gazebo.egg-info/requires.txt
[3.484s] writing top-level names to ../../build/arm_gazebo/arm_gazebo.egg-info/top_level.txt
[3.560s] reading manifest file '../../build/arm_gazebo/arm_gazebo.egg-info/SOURCES.txt'
[3.561s] adding license file 'LICENSE'
[3.562s] writing manifest file '../../build/arm_gazebo/arm_gazebo.egg-info/SOURCES.txt'
[3.563s] running build
[3.563s] running install
[3.576s] running install_data
[3.579s] running install_egg_info
[3.721s] removing '/home/arz-1024/arm_ws/install/arm_gazebo/lib/python3.12/site-packages/arm_gazebo-0.0.0-py3.12.egg-info' (and everything under it)
[3.722s] Copying ../../build/arm_gazebo/arm_gazebo.egg-info to /home/arz-1024/arm_ws/install/arm_gazebo/lib/python3.12/site-packages/arm_gazebo-0.0.0-py3.12.egg-info
[3.732s] running install_scripts
[4.194s] Installing trajectory_publisher_server script to /home/arz-1024/arm_ws/install/arm_gazebo/lib/arm_gazebo
[4.204s] writing list of installed files to '/home/arz-1024/arm_ws/build/arm_gazebo/install.log'
[4.256s] Invoked command in '/home/arz-1024/arm_ws/src/arm_gazebo' returned '0': AMENT_PREFIX_PATH=/home/arz-1024/arm_ws/install/arm_description:${AMENT_PREFIX_PATH} CMAKE_PREFIX_PATH=/home/arz-1024/arm_ws/install/arm_description:${CMAKE_PREFIX_PATH} DEBUGINFOD_URLS=https://debuginfod.ubuntu.com PYTHONPATH=/home/arz-1024/arm_ws/build/arm_gazebo/prefix_override:/usr/lib/python3/dist-packages/colcon_core/task/python/colcon_distutils_commands:/home/arz-1024/arm_ws/install/arm_gazebo/lib/python3.12/site-packages:${PYTHONPATH} /usr/bin/python3 -W ignore:setup.py install is deprecated -W ignore:easy_install command is deprecated setup.py egg_info --egg-base ../../build/arm_gazebo build --build-base /home/arz-1024/arm_ws/build/arm_gazebo/build install --record /home/arz-1024/arm_ws/build/arm_gazebo/install.log --single-version-externally-managed install_data
