[0.927s] Invoking command in '/home/arz-1024/arm_ws/src/grasp_pose_estimator': DEBUGINFOD_URLS=https://debuginfod.ubuntu.com PYTHONPATH=/home/arz-1024/arm_ws/build/grasp_pose_estimator/prefix_override:/usr/lib/python3/dist-packages/colcon_core/task/python/colcon_distutils_commands:/home/arz-1024/arm_ws/install/grasp_pose_estimator/lib/python3.12/site-packages:${PYTHONPATH} /usr/bin/python3 -W ignore:setup.py install is deprecated -W ignore:easy_install command is deprecated setup.py egg_info --egg-base ../../build/grasp_pose_estimator build --build-base /home/arz-1024/arm_ws/build/grasp_pose_estimator/build install --record /home/arz-1024/arm_ws/build/grasp_pose_estimator/install.log --single-version-externally-managed install_data
[1.212s] running egg_info
[1.237s] writing ../../build/grasp_pose_estimator/grasp_pose_estimator.egg-info/PKG-INFO
[1.237s] writing dependency_links to ../../build/grasp_pose_estimator/grasp_pose_estimator.egg-info/dependency_links.txt
[1.237s] writing entry points to ../../build/grasp_pose_estimator/grasp_pose_estimator.egg-info/entry_points.txt
[1.237s] writing requirements to ../../build/grasp_pose_estimator/grasp_pose_estimator.egg-info/requires.txt
[1.237s] writing top-level names to ../../build/grasp_pose_estimator/grasp_pose_estimator.egg-info/top_level.txt
[1.287s] reading manifest file '../../build/grasp_pose_estimator/grasp_pose_estimator.egg-info/SOURCES.txt'
[1.287s] adding license file 'LICENSE'
[1.287s] writing manifest file '../../build/grasp_pose_estimator/grasp_pose_estimator.egg-info/SOURCES.txt'
[1.287s] running build
[1.287s] running build_py
[1.287s] running install
[1.292s] running install_lib
[1.318s] running install_data
[1.318s] running install_egg_info
[1.343s] removing '/home/arz-1024/arm_ws/install/grasp_pose_estimator/lib/python3.12/site-packages/grasp_pose_estimator-0.0.0-py3.12.egg-info' (and everything under it)
[1.344s] Copying ../../build/grasp_pose_estimator/grasp_pose_estimator.egg-info to /home/arz-1024/arm_ws/install/grasp_pose_estimator/lib/python3.12/site-packages/grasp_pose_estimator-0.0.0-py3.12.egg-info
[1.344s] running install_scripts
[1.497s] Installing depth_process script to /home/arz-1024/arm_ws/install/grasp_pose_estimator/lib/grasp_pose_estimator
[1.497s] Installing yolo_detect script to /home/arz-1024/arm_ws/install/grasp_pose_estimator/lib/grasp_pose_estimator
[1.497s] writing list of installed files to '/home/arz-1024/arm_ws/build/grasp_pose_estimator/install.log'
[1.518s] Invoked command in '/home/arz-1024/arm_ws/src/grasp_pose_estimator' returned '0': DEBUGINFOD_URLS=https://debuginfod.ubuntu.com PYTHONPATH=/home/arz-1024/arm_ws/build/grasp_pose_estimator/prefix_override:/usr/lib/python3/dist-packages/colcon_core/task/python/colcon_distutils_commands:/home/arz-1024/arm_ws/install/grasp_pose_estimator/lib/python3.12/site-packages:${PYTHONPATH} /usr/bin/python3 -W ignore:setup.py install is deprecated -W ignore:easy_install command is deprecated setup.py egg_info --egg-base ../../build/grasp_pose_estimator build --build-base /home/arz-1024/arm_ws/build/grasp_pose_estimator/build install --record /home/arz-1024/arm_ws/build/grasp_pose_estimator/install.log --single-version-externally-managed install_data
