[1.171s] Invoking command in '/home/arz-1024/arm_ws/src/arm_gazebo': AMENT_PREFIX_PATH=/home/arz-1024/arm_ws/install/arm_description:${AMENT_PREFIX_PATH} CMAKE_PREFIX_PATH=/home/arz-1024/arm_ws/install/arm_description:${CMAKE_PREFIX_PATH} DEBUGINFOD_URLS=https://debuginfod.ubuntu.com PYTHONPATH=/home/arz-1024/arm_ws/build/arm_gazebo/prefix_override:/usr/lib/python3/dist-packages/colcon_core/task/python/colcon_distutils_commands:/home/arz-1024/arm_ws/install/arm_gazebo/lib/python3.12/site-packages:${PYTHONPATH} /usr/bin/python3 -W ignore:setup.py install is deprecated -W ignore:easy_install command is deprecated setup.py egg_info --egg-base ../../build/arm_gazebo build --build-base /home/arz-1024/arm_ws/build/arm_gazebo/build install --record /home/arz-1024/arm_ws/build/arm_gazebo/install.log --single-version-externally-managed install_data
[1.556s] running egg_info
[1.587s] writing ../../build/arm_gazebo/arm_gazebo.egg-info/PKG-INFO
[1.587s] writing dependency_links to ../../build/arm_gazebo/arm_gazebo.egg-info/dependency_links.txt
[1.587s] writing entry points to ../../build/arm_gazebo/arm_gazebo.egg-info/entry_points.txt
[1.587s] writing requirements to ../../build/arm_gazebo/arm_gazebo.egg-info/requires.txt
[1.588s] writing top-level names to ../../build/arm_gazebo/arm_gazebo.egg-info/top_level.txt
[1.628s] reading manifest file '../../build/arm_gazebo/arm_gazebo.egg-info/SOURCES.txt'
[1.629s] adding license file 'LICENSE'
[1.630s] writing manifest file '../../build/arm_gazebo/arm_gazebo.egg-info/SOURCES.txt'
[1.630s] running build
[1.630s] running install
[1.638s] running install_data
[1.638s] running install_egg_info
[1.704s] removing '/home/arz-1024/arm_ws/install/arm_gazebo/lib/python3.12/site-packages/arm_gazebo-0.0.0-py3.12.egg-info' (and everything under it)
[1.704s] Copying ../../build/arm_gazebo/arm_gazebo.egg-info to /home/arz-1024/arm_ws/install/arm_gazebo/lib/python3.12/site-packages/arm_gazebo-0.0.0-py3.12.egg-info
[1.705s] running install_scripts
[1.908s] Installing trajectory_publisher_server script to /home/arz-1024/arm_ws/install/arm_gazebo/lib/arm_gazebo
[1.909s] writing list of installed files to '/home/arz-1024/arm_ws/build/arm_gazebo/install.log'
[1.941s] Invoked command in '/home/arz-1024/arm_ws/src/arm_gazebo' returned '0': AMENT_PREFIX_PATH=/home/arz-1024/arm_ws/install/arm_description:${AMENT_PREFIX_PATH} CMAKE_PREFIX_PATH=/home/arz-1024/arm_ws/install/arm_description:${CMAKE_PREFIX_PATH} DEBUGINFOD_URLS=https://debuginfod.ubuntu.com PYTHONPATH=/home/arz-1024/arm_ws/build/arm_gazebo/prefix_override:/usr/lib/python3/dist-packages/colcon_core/task/python/colcon_distutils_commands:/home/arz-1024/arm_ws/install/arm_gazebo/lib/python3.12/site-packages:${PYTHONPATH} /usr/bin/python3 -W ignore:setup.py install is deprecated -W ignore:easy_install command is deprecated setup.py egg_info --egg-base ../../build/arm_gazebo build --build-base /home/arz-1024/arm_ws/build/arm_gazebo/build install --record /home/arz-1024/arm_ws/build/arm_gazebo/install.log --single-version-externally-managed install_data
