[0.566s] Invoking command in '/home/arz-1024/arm_ws/src/arm_gazebo': DEBUGINFOD_URLS=https://debuginfod.ubuntu.com PYTHONPATH=/home/arz-1024/arm_ws/src/arm_gazebo/build/arm_gazebo/prefix_override:/usr/lib/python3/dist-packages/colcon_core/task/python/colcon_distutils_commands:/home/arz-1024/arm_ws/src/arm_gazebo/install/arm_gazebo/lib/python3.12/site-packages:${PYTHONPATH} /usr/bin/python3 -W ignore:setup.py install is deprecated -W ignore:easy_install command is deprecated setup.py egg_info --egg-base build/arm_gazebo build --build-base /home/arz-1024/arm_ws/src/arm_gazebo/build/arm_gazebo/build install --record /home/arz-1024/arm_ws/src/arm_gazebo/build/arm_gazebo/install.log --single-version-externally-managed install_data
[0.742s] running egg_info
[0.742s] creating build/arm_gazebo/arm_gazebo.egg-info
[0.754s] writing build/arm_gazebo/arm_gazebo.egg-info/PKG-INFO
[0.754s] writing dependency_links to build/arm_gazebo/arm_gazebo.egg-info/dependency_links.txt
[0.755s] writing requirements to build/arm_gazebo/arm_gazebo.egg-info/requires.txt
[0.755s] writing top-level names to build/arm_gazebo/arm_gazebo.egg-info/top_level.txt
[0.755s] writing manifest file 'build/arm_gazebo/arm_gazebo.egg-info/SOURCES.txt'
[0.781s] reading manifest file 'build/arm_gazebo/arm_gazebo.egg-info/SOURCES.txt'
[0.781s] adding license file 'LICENSE'
[0.782s] writing manifest file 'build/arm_gazebo/arm_gazebo.egg-info/SOURCES.txt'
[0.782s] running build
[0.782s] running build_py
[0.782s] creating /home/arz-1024/arm_ws/src/arm_gazebo/build/arm_gazebo/build
[0.782s] creating /home/arz-1024/arm_ws/src/arm_gazebo/build/arm_gazebo/build/lib
[0.782s] creating /home/arz-1024/arm_ws/src/arm_gazebo/build/arm_gazebo/build/lib/arm_gazebo
[0.782s] copying arm_gazebo/__init__.py -> /home/arz-1024/arm_ws/src/arm_gazebo/build/arm_gazebo/build/lib/arm_gazebo
[0.782s] running install
[0.786s] running install_lib
[0.799s] creating /home/arz-1024/arm_ws/src/arm_gazebo/install/arm_gazebo/lib/python3.12/site-packages/arm_gazebo
[0.799s] copying /home/arz-1024/arm_ws/src/arm_gazebo/build/arm_gazebo/build/lib/arm_gazebo/__init__.py -> /home/arz-1024/arm_ws/src/arm_gazebo/install/arm_gazebo/lib/python3.12/site-packages/arm_gazebo
[0.799s] byte-compiling /home/arz-1024/arm_ws/src/arm_gazebo/install/arm_gazebo/lib/python3.12/site-packages/arm_gazebo/__init__.py to __init__.cpython-312.pyc
[0.799s] running install_data
[0.799s] creating /home/arz-1024/arm_ws/src/arm_gazebo/install/arm_gazebo/share/ament_index
[0.799s] creating /home/arz-1024/arm_ws/src/arm_gazebo/install/arm_gazebo/share/ament_index/resource_index
[0.800s] creating /home/arz-1024/arm_ws/src/arm_gazebo/install/arm_gazebo/share/ament_index/resource_index/packages
[0.800s] copying resource/arm_gazebo -> /home/arz-1024/arm_ws/src/arm_gazebo/install/arm_gazebo/share/ament_index/resource_index/packages
[0.800s] copying package.xml -> /home/arz-1024/arm_ws/src/arm_gazebo/install/arm_gazebo/share/arm_gazebo
[0.800s] running install_egg_info
[0.815s] Copying build/arm_gazebo/arm_gazebo.egg-info to /home/arz-1024/arm_ws/src/arm_gazebo/install/arm_gazebo/lib/python3.12/site-packages/arm_gazebo-0.0.0-py3.12.egg-info
[0.816s] running install_scripts
[0.903s] writing list of installed files to '/home/arz-1024/arm_ws/src/arm_gazebo/build/arm_gazebo/install.log'
[0.920s] Invoked command in '/home/arz-1024/arm_ws/src/arm_gazebo' returned '0': DEBUGINFOD_URLS=https://debuginfod.ubuntu.com PYTHONPATH=/home/arz-1024/arm_ws/src/arm_gazebo/build/arm_gazebo/prefix_override:/usr/lib/python3/dist-packages/colcon_core/task/python/colcon_distutils_commands:/home/arz-1024/arm_ws/src/arm_gazebo/install/arm_gazebo/lib/python3.12/site-packages:${PYTHONPATH} /usr/bin/python3 -W ignore:setup.py install is deprecated -W ignore:easy_install command is deprecated setup.py egg_info --egg-base build/arm_gazebo build --build-base /home/arz-1024/arm_ws/src/arm_gazebo/build/arm_gazebo/build install --record /home/arz-1024/arm_ws/src/arm_gazebo/build/arm_gazebo/install.log --single-version-externally-managed install_data
