[0.059s] Invoking command in '/home/arz-1024/arm_ws/build/arm_description': CMAKE_PREFIX_PATH=${CMAKE_PREFIX_PATH}:/home/arz-1024/arm_ws/install/grasp_pose_estimator:/home/arz-1024/arm_ws/install/arm_gazebo:/opt/ros/jazzy DEBUGINFOD_URLS=https://debuginfod.ubuntu.com /usr/bin/cmake --build /home/arz-1024/arm_ws/build/arm_description -- -j16 -l16
[0.725s] Invoked command in '/home/arz-1024/arm_ws/build/arm_description' returned '0': CMAKE_PREFIX_PATH=${CMAKE_PREFIX_PATH}:/home/arz-1024/arm_ws/install/grasp_pose_estimator:/home/arz-1024/arm_ws/install/arm_gazebo:/opt/ros/jazzy DEBUGINFOD_URLS=https://debuginfod.ubuntu.com /usr/bin/cmake --build /home/arz-1024/arm_ws/build/arm_description -- -j16 -l16
[0.754s] Invoking command in '/home/arz-1024/arm_ws/build/arm_description': CMAKE_PREFIX_PATH=${CMAKE_PREFIX_PATH}:/home/arz-1024/arm_ws/install/grasp_pose_estimator:/home/arz-1024/arm_ws/install/arm_gazebo:/opt/ros/jazzy DEBUGINFOD_URLS=https://debuginfod.ubuntu.com /usr/bin/cmake --install /home/arz-1024/arm_ws/build/arm_description
[0.775s] -- Install configuration: ""
[0.776s] -- Up-to-date: /home/arz-1024/arm_ws/install/arm_description/share/arm_description/launch
[0.776s] -- Up-to-date: /home/arz-1024/arm_ws/install/arm_description/share/arm_description/launch/6dof_rviz.launch.py
[0.776s] -- Up-to-date: /home/arz-1024/arm_ws/install/arm_description/share/arm_description/launch/.vscode
[0.777s] -- Up-to-date: /home/arz-1024/arm_ws/install/arm_description/share/arm_description/launch/.vscode/c_cpp_properties.json
[0.777s] -- Up-to-date: /home/arz-1024/arm_ws/install/arm_description/share/arm_description/launch/.vscode/settings.json
[0.777s] -- Up-to-date: /home/arz-1024/arm_ws/install/arm_description/share/arm_description/rviz
[0.777s] -- Up-to-date: /home/arz-1024/arm_ws/install/arm_description/share/arm_description/rviz/arm_6dof.rviz
[0.778s] -- Up-to-date: /home/arz-1024/arm_ws/install/arm_description/share/arm_description/urdf
[0.778s] -- Up-to-date: /home/arz-1024/arm_ws/install/arm_description/share/arm_description/urdf/sensors
[0.778s] -- Up-to-date: /home/arz-1024/arm_ws/install/arm_description/share/arm_description/urdf/sensors/intel_rgbd_cam_d435.urdf.xacro
[0.778s] -- Up-to-date: /home/arz-1024/arm_ws/install/arm_description/share/arm_description/urdf/mech
[0.779s] -- Up-to-date: /home/arz-1024/arm_ws/install/arm_description/share/arm_description/urdf/mech/arm_base.urdf.xacro
[0.779s] -- Up-to-date: /home/arz-1024/arm_ws/install/arm_description/share/arm_description/urdf/mech/arm_define.urdf.xacro
[0.779s] -- Up-to-date: /home/arz-1024/arm_ws/install/arm_description/share/arm_description/urdf/mech/adaptive_gripper.urdf.xacro
[0.779s] -- Up-to-date: /home/arz-1024/arm_ws/install/arm_description/share/arm_description/urdf/control
[0.779s] -- Up-to-date: /home/arz-1024/arm_ws/install/arm_description/share/arm_description/urdf/control/gazebo_sim_ros2_control.urdf.xacro
[0.780s] -- Up-to-date: /home/arz-1024/arm_ws/install/arm_description/share/arm_description/urdf/control/arm_transmission.urdf.xacro
[0.780s] -- Up-to-date: /home/arz-1024/arm_ws/install/arm_description/share/arm_description/urdf/robots
[0.780s] -- Up-to-date: /home/arz-1024/arm_ws/install/arm_description/share/arm_description/urdf/robots/arm_model.urdf.xacro
[0.780s] -- Up-to-date: /home/arz-1024/arm_ws/install/arm_description/share/arm_description/meshes
[0.780s] -- Up-to-date: /home/arz-1024/arm_ws/install/arm_description/share/arm_description/meshes/d435
[0.780s] -- Up-to-date: /home/arz-1024/arm_ws/install/arm_description/share/arm_description/meshes/d435/visual
[0.781s] -- Up-to-date: /home/arz-1024/arm_ws/install/arm_description/share/arm_description/meshes/d435/visual/d435.stl
[0.781s] -- Up-to-date: /home/arz-1024/arm_ws/install/arm_description/share/arm_description/meshes/g_shape_base_v2_0
[0.781s] -- Up-to-date: /home/arz-1024/arm_ws/install/arm_description/share/arm_description/meshes/g_shape_base_v2_0/visual
[0.781s] -- Up-to-date: /home/arz-1024/arm_ws/install/arm_description/share/arm_description/meshes/g_shape_base_v2_0/visual/base_link.dae
[0.781s] -- Up-to-date: /home/arz-1024/arm_ws/install/arm_description/share/arm_description/meshes/adaptive_gripper
[0.782s] -- Up-to-date: /home/arz-1024/arm_ws/install/arm_description/share/arm_description/meshes/adaptive_gripper/visual
[0.782s] -- Up-to-date: /home/arz-1024/arm_ws/install/arm_description/share/arm_description/meshes/adaptive_gripper/visual/gripper_left2.dae
[0.782s] -- Up-to-date: /home/arz-1024/arm_ws/install/arm_description/share/arm_description/meshes/adaptive_gripper/visual/gripper_left1.dae
[0.782s] -- Up-to-date: /home/arz-1024/arm_ws/install/arm_description/share/arm_description/meshes/adaptive_gripper/visual/gripper_right1.dae
[0.782s] -- Up-to-date: /home/arz-1024/arm_ws/install/arm_description/share/arm_description/meshes/adaptive_gripper/visual/gripper_left3.dae
[0.782s] -- Up-to-date: /home/arz-1024/arm_ws/install/arm_description/share/arm_description/meshes/adaptive_gripper/visual/gripper_base.dae
[0.783s] -- Up-to-date: /home/arz-1024/arm_ws/install/arm_description/share/arm_description/meshes/adaptive_gripper/visual/gripper_right2.dae
[0.783s] -- Up-to-date: /home/arz-1024/arm_ws/install/arm_description/share/arm_description/meshes/adaptive_gripper/visual/gripper_right3.dae
[0.784s] -- Up-to-date: /home/arz-1024/arm_ws/install/arm_description/share/arm_description/meshes/6dof_arm
[0.785s] -- Up-to-date: /home/arz-1024/arm_ws/install/arm_description/share/arm_description/meshes/6dof_arm/visual
[0.786s] -- Up-to-date: /home/arz-1024/arm_ws/install/arm_description/share/arm_description/meshes/6dof_arm/visual/link1.dae
[0.786s] -- Up-to-date: /home/arz-1024/arm_ws/install/arm_description/share/arm_description/meshes/6dof_arm/visual/link2.dae
[0.787s] -- Up-to-date: /home/arz-1024/arm_ws/install/arm_description/share/arm_description/meshes/6dof_arm/visual/link4.png
[0.787s] -- Up-to-date: /home/arz-1024/arm_ws/install/arm_description/share/arm_description/meshes/6dof_arm/visual/link6.png
[0.787s] -- Up-to-date: /home/arz-1024/arm_ws/install/arm_description/share/arm_description/meshes/6dof_arm/visual/link5.dae
[0.787s] -- Up-to-date: /home/arz-1024/arm_ws/install/arm_description/share/arm_description/meshes/6dof_arm/visual/link1.png
[0.788s] -- Up-to-date: /home/arz-1024/arm_ws/install/arm_description/share/arm_description/meshes/6dof_arm/visual/link6.dae
[0.788s] -- Up-to-date: /home/arz-1024/arm_ws/install/arm_description/share/arm_description/meshes/6dof_arm/visual/link5.png
[0.788s] -- Up-to-date: /home/arz-1024/arm_ws/install/arm_description/share/arm_description/meshes/6dof_arm/visual/link2.png
[0.789s] -- Up-to-date: /home/arz-1024/arm_ws/install/arm_description/share/arm_description/meshes/6dof_arm/visual/link7.png
[0.789s] -- Up-to-date: /home/arz-1024/arm_ws/install/arm_description/share/arm_description/meshes/6dof_arm/visual/suit_env.dae
[0.790s] -- Up-to-date: /home/arz-1024/arm_ws/install/arm_description/share/arm_description/meshes/6dof_arm/visual/link3.dae
[0.790s] -- Up-to-date: /home/arz-1024/arm_ws/install/arm_description/share/arm_description/meshes/6dof_arm/visual/link3.png
[0.790s] -- Up-to-date: /home/arz-1024/arm_ws/install/arm_description/share/arm_description/meshes/6dof_arm/visual/link7.dae
[0.790s] -- Up-to-date: /home/arz-1024/arm_ws/install/arm_description/share/arm_description/meshes/6dof_arm/visual/link4.dae
[0.791s] -- Up-to-date: /home/arz-1024/arm_ws/install/arm_description/share/ament_index/resource_index/package_run_dependencies/arm_description
[0.791s] -- Up-to-date: /home/arz-1024/arm_ws/install/arm_description/share/ament_index/resource_index/parent_prefix_path/arm_description
[0.791s] -- Up-to-date: /home/arz-1024/arm_ws/install/arm_description/share/arm_description/environment/ament_prefix_path.sh
[0.792s] -- Up-to-date: /home/arz-1024/arm_ws/install/arm_description/share/arm_description/environment/ament_prefix_path.dsv
[0.792s] -- Up-to-date: /home/arz-1024/arm_ws/install/arm_description/share/arm_description/environment/path.sh
[0.792s] -- Up-to-date: /home/arz-1024/arm_ws/install/arm_description/share/arm_description/environment/path.dsv
[0.793s] -- Up-to-date: /home/arz-1024/arm_ws/install/arm_description/share/arm_description/local_setup.bash
[0.794s] -- Up-to-date: /home/arz-1024/arm_ws/install/arm_description/share/arm_description/local_setup.sh
[0.795s] -- Up-to-date: /home/arz-1024/arm_ws/install/arm_description/share/arm_description/local_setup.zsh
[0.795s] -- Up-to-date: /home/arz-1024/arm_ws/install/arm_description/share/arm_description/local_setup.dsv
[0.795s] -- Installing: /home/arz-1024/arm_ws/install/arm_description/share/arm_description/package.dsv
[0.796s] -- Up-to-date: /home/arz-1024/arm_ws/install/arm_description/share/ament_index/resource_index/packages/arm_description
[0.796s] -- Up-to-date: /home/arz-1024/arm_ws/install/arm_description/share/arm_description/cmake/arm_descriptionConfig.cmake
[0.796s] -- Up-to-date: /home/arz-1024/arm_ws/install/arm_description/share/arm_description/cmake/arm_descriptionConfig-version.cmake
[0.796s] -- Up-to-date: /home/arz-1024/arm_ws/install/arm_description/share/arm_description/package.xml
[0.797s] Invoked command in '/home/arz-1024/arm_ws/build/arm_description' returned '0': CMAKE_PREFIX_PATH=${CMAKE_PREFIX_PATH}:/home/arz-1024/arm_ws/install/grasp_pose_estimator:/home/arz-1024/arm_ws/install/arm_gazebo:/opt/ros/jazzy DEBUGINFOD_URLS=https://debuginfod.ubuntu.com /usr/bin/cmake --install /home/arz-1024/arm_ws/build/arm_description
