running egg_info
creating ../../build/arm_gazebo/arm_gazebo.egg-info
writing ../../build/arm_gazebo/arm_gazebo.egg-info/PKG-INFO
writing dependency_links to ../../build/arm_gazebo/arm_gazebo.egg-info/dependency_links.txt
writing entry points to ../../build/arm_gazebo/arm_gazebo.egg-info/entry_points.txt
writing requirements to ../../build/arm_gazebo/arm_gazebo.egg-info/requires.txt
writing top-level names to ../../build/arm_gazebo/arm_gazebo.egg-info/top_level.txt
writing manifest file '../../build/arm_gazebo/arm_gazebo.egg-info/SOURCES.txt'
reading manifest file '../../build/arm_gazebo/arm_gazebo.egg-info/SOURCES.txt'
adding license file 'LICENSE'
writing manifest file '../../build/arm_gazebo/arm_gazebo.egg-info/SOURCES.txt'
running build
running install
running install_data
creating /home/arz-1024/arm_ws/install/arm_gazebo/share/ament_index
creating /home/arz-1024/arm_ws/install/arm_gazebo/share/ament_index/resource_index
creating /home/arz-1024/arm_ws/install/arm_gazebo/share/ament_index/resource_index/packages
copying resource/arm_gazebo -> /home/arz-1024/arm_ws/install/arm_gazebo/share/ament_index/resource_index/packages
copying package.xml -> /home/arz-1024/arm_ws/install/arm_gazebo/share/arm_gazebo
creating /home/arz-1024/arm_ws/install/arm_gazebo/share/arm_gazebo/launch
copying launch/6dof_test.launch.py -> /home/arz-1024/arm_ws/install/arm_gazebo/share/arm_gazebo/launch
copying launch/6dof_gazebo_controller.launch.py -> /home/arz-1024/arm_ws/install/arm_gazebo/share/arm_gazebo/launch
creating /home/arz-1024/arm_ws/install/arm_gazebo/share/arm_gazebo/config
copying config/ros_gz_bridge.yaml -> /home/arz-1024/arm_ws/install/arm_gazebo/share/arm_gazebo/config
copying config/simple_controller.yaml -> /home/arz-1024/arm_ws/install/arm_gazebo/share/arm_gazebo/config
creating /home/arz-1024/arm_ws/install/arm_gazebo/share/arm_gazebo/world
copying world/empty_world.sdf -> /home/arz-1024/arm_ws/install/arm_gazebo/share/arm_gazebo/world
running install_egg_info
Copying ../../build/arm_gazebo/arm_gazebo.egg-info to /home/arz-1024/arm_ws/install/arm_gazebo/lib/python3.12/site-packages/arm_gazebo-0.0.0-py3.12.egg-info
running install_scripts
Installing trajectory_publisher_server script to /home/arz-1024/arm_ws/install/arm_gazebo/lib/arm_gazebo
writing list of installed files to '/home/arz-1024/arm_ws/build/arm_gazebo/install.log'
