[0.854s] Invoking command in '/home/arz-1024/arm_ws/src/arm_gazebo': DEBUGINFOD_URLS=https://debuginfod.ubuntu.com PYTHONPATH=/home/arz-1024/arm_ws/build/arm_gazebo/prefix_override:/usr/lib/python3/dist-packages/colcon_core/task/python/colcon_distutils_commands:/home/arz-1024/arm_ws/install/arm_gazebo/lib/python3.12/site-packages:${PYTHONPATH} /usr/bin/python3 -W ignore:setup.py install is deprecated -W ignore:easy_install command is deprecated setup.py egg_info --egg-base ../../build/arm_gazebo build --build-base /home/arz-1024/arm_ws/build/arm_gazebo/build install --record /home/arz-1024/arm_ws/build/arm_gazebo/install.log --single-version-externally-managed install_data
[1.142s] running egg_info
[1.142s] creating ../../build/arm_gazebo/arm_gazebo.egg-info
[1.170s] writing ../../build/arm_gazebo/arm_gazebo.egg-info/PKG-INFO
[1.170s] writing dependency_links to ../../build/arm_gazebo/arm_gazebo.egg-info/dependency_links.txt
[1.170s] writing entry points to ../../build/arm_gazebo/arm_gazebo.egg-info/entry_points.txt
[1.170s] writing requirements to ../../build/arm_gazebo/arm_gazebo.egg-info/requires.txt
[1.170s] writing top-level names to ../../build/arm_gazebo/arm_gazebo.egg-info/top_level.txt
[1.171s] writing manifest file '../../build/arm_gazebo/arm_gazebo.egg-info/SOURCES.txt'
[1.196s] reading manifest file '../../build/arm_gazebo/arm_gazebo.egg-info/SOURCES.txt'
[1.196s] adding license file 'LICENSE'
[1.197s] writing manifest file '../../build/arm_gazebo/arm_gazebo.egg-info/SOURCES.txt'
[1.197s] running build
[1.197s] running install
[1.202s] running install_data
[1.202s] creating /home/arz-1024/arm_ws/install/arm_gazebo/share/ament_index
[1.202s] creating /home/arz-1024/arm_ws/install/arm_gazebo/share/ament_index/resource_index
[1.202s] creating /home/arz-1024/arm_ws/install/arm_gazebo/share/ament_index/resource_index/packages
[1.203s] copying resource/arm_gazebo -> /home/arz-1024/arm_ws/install/arm_gazebo/share/ament_index/resource_index/packages
[1.203s] copying package.xml -> /home/arz-1024/arm_ws/install/arm_gazebo/share/arm_gazebo
[1.203s] creating /home/arz-1024/arm_ws/install/arm_gazebo/share/arm_gazebo/launch
[1.203s] copying launch/6dof_test.launch.py -> /home/arz-1024/arm_ws/install/arm_gazebo/share/arm_gazebo/launch
[1.203s] copying launch/6dof_gazebo_controller.launch.py -> /home/arz-1024/arm_ws/install/arm_gazebo/share/arm_gazebo/launch
[1.203s] creating /home/arz-1024/arm_ws/install/arm_gazebo/share/arm_gazebo/config
[1.203s] copying config/ros_gz_bridge.yaml -> /home/arz-1024/arm_ws/install/arm_gazebo/share/arm_gazebo/config
[1.203s] copying config/simple_controller.yaml -> /home/arz-1024/arm_ws/install/arm_gazebo/share/arm_gazebo/config
[1.203s] creating /home/arz-1024/arm_ws/install/arm_gazebo/share/arm_gazebo/world
[1.203s] copying world/empty_world.sdf -> /home/arz-1024/arm_ws/install/arm_gazebo/share/arm_gazebo/world
[1.206s] running install_egg_info
[1.262s] Copying ../../build/arm_gazebo/arm_gazebo.egg-info to /home/arz-1024/arm_ws/install/arm_gazebo/lib/python3.12/site-packages/arm_gazebo-0.0.0-py3.12.egg-info
[1.263s] running install_scripts
[1.408s] Installing trajectory_publisher_server script to /home/arz-1024/arm_ws/install/arm_gazebo/lib/arm_gazebo
[1.408s] writing list of installed files to '/home/arz-1024/arm_ws/build/arm_gazebo/install.log'
[1.427s] Invoked command in '/home/arz-1024/arm_ws/src/arm_gazebo' returned '0': DEBUGINFOD_URLS=https://debuginfod.ubuntu.com PYTHONPATH=/home/arz-1024/arm_ws/build/arm_gazebo/prefix_override:/usr/lib/python3/dist-packages/colcon_core/task/python/colcon_distutils_commands:/home/arz-1024/arm_ws/install/arm_gazebo/lib/python3.12/site-packages:${PYTHONPATH} /usr/bin/python3 -W ignore:setup.py install is deprecated -W ignore:easy_install command is deprecated setup.py egg_info --egg-base ../../build/arm_gazebo build --build-base /home/arz-1024/arm_ws/build/arm_gazebo/build install --record /home/arz-1024/arm_ws/build/arm_gazebo/install.log --single-version-externally-managed install_data
