[0.616s] Invoking command in '/home/arz-1024/arm_ws/src/arm_gazebo': DEBUGINFOD_URLS=https://debuginfod.ubuntu.com PYTHONPATH=/home/arz-1024/arm_ws/src/arm_gazebo/build/arm_gazebo/prefix_override:/usr/lib/python3/dist-packages/colcon_core/task/python/colcon_distutils_commands:/home/arz-1024/arm_ws/src/arm_gazebo/install/arm_gazebo/lib/python3.12/site-packages:${PYTHONPATH} /usr/bin/python3 -W ignore:setup.py install is deprecated -W ignore:easy_install command is deprecated setup.py egg_info --egg-base build/arm_gazebo build --build-base /home/arz-1024/arm_ws/src/arm_gazebo/build/arm_gazebo/build install --record /home/arz-1024/arm_ws/src/arm_gazebo/build/arm_gazebo/install.log --single-version-externally-managed install_data
[0.829s] running egg_info
[0.845s] writing build/arm_gazebo/arm_gazebo.egg-info/PKG-INFO
[0.845s] writing dependency_links to build/arm_gazebo/arm_gazebo.egg-info/dependency_links.txt
[0.845s] writing requirements to build/arm_gazebo/arm_gazebo.egg-info/requires.txt
[0.845s] writing top-level names to build/arm_gazebo/arm_gazebo.egg-info/top_level.txt
[0.876s] reading manifest file 'build/arm_gazebo/arm_gazebo.egg-info/SOURCES.txt'
[0.876s] adding license file 'LICENSE'
[0.877s] writing manifest file 'build/arm_gazebo/arm_gazebo.egg-info/SOURCES.txt'
[0.877s] running build
[0.877s] running build_py
[0.877s] running install
[0.882s] running install_lib
[0.897s] running install_data
[0.898s] copying launch/6dof_gazebo.launch.py -> /home/arz-1024/arm_ws/src/arm_gazebo/install/arm_gazebo/share/arm_gazebo/launch
[0.898s] running install_egg_info
[0.916s] removing '/home/arz-1024/arm_ws/src/arm_gazebo/install/arm_gazebo/lib/python3.12/site-packages/arm_gazebo-0.0.0-py3.12.egg-info' (and everything under it)
[0.916s] Copying build/arm_gazebo/arm_gazebo.egg-info to /home/arz-1024/arm_ws/src/arm_gazebo/install/arm_gazebo/lib/python3.12/site-packages/arm_gazebo-0.0.0-py3.12.egg-info
[0.916s] running install_scripts
[1.021s] writing list of installed files to '/home/arz-1024/arm_ws/src/arm_gazebo/build/arm_gazebo/install.log'
[1.040s] Invoked command in '/home/arz-1024/arm_ws/src/arm_gazebo' returned '0': DEBUGINFOD_URLS=https://debuginfod.ubuntu.com PYTHONPATH=/home/arz-1024/arm_ws/src/arm_gazebo/build/arm_gazebo/prefix_override:/usr/lib/python3/dist-packages/colcon_core/task/python/colcon_distutils_commands:/home/arz-1024/arm_ws/src/arm_gazebo/install/arm_gazebo/lib/python3.12/site-packages:${PYTHONPATH} /usr/bin/python3 -W ignore:setup.py install is deprecated -W ignore:easy_install command is deprecated setup.py egg_info --egg-base build/arm_gazebo build --build-base /home/arz-1024/arm_ws/src/arm_gazebo/build/arm_gazebo/build install --record /home/arz-1024/arm_ws/src/arm_gazebo/build/arm_gazebo/install.log --single-version-externally-managed install_data
