[1.607s] Invoking command in '/home/arz-1024/arm_ws/src/grasp_pose_estimator': DEBUGINFOD_URLS=https://debuginfod.ubuntu.com PYTHONPATH=/home/arz-1024/arm_ws/build/grasp_pose_estimator/prefix_override:/usr/lib/python3/dist-packages/colcon_core/task/python/colcon_distutils_commands:/home/arz-1024/arm_ws/install/grasp_pose_estimator/lib/python3.12/site-packages:${PYTHONPATH} /usr/bin/python3 -W ignore:setup.py install is deprecated -W ignore:easy_install command is deprecated setup.py egg_info --egg-base ../../build/grasp_pose_estimator build --build-base /home/arz-1024/arm_ws/build/grasp_pose_estimator/build install --record /home/arz-1024/arm_ws/build/grasp_pose_estimator/install.log --single-version-externally-managed install_data
[2.125s] running egg_info
[2.165s] writing ../../build/grasp_pose_estimator/grasp_pose_estimator.egg-info/PKG-INFO
[2.165s] writing dependency_links to ../../build/grasp_pose_estimator/grasp_pose_estimator.egg-info/dependency_links.txt
[2.166s] writing entry points to ../../build/grasp_pose_estimator/grasp_pose_estimator.egg-info/entry_points.txt
[2.166s] writing requirements to ../../build/grasp_pose_estimator/grasp_pose_estimator.egg-info/requires.txt
[2.166s] writing top-level names to ../../build/grasp_pose_estimator/grasp_pose_estimator.egg-info/top_level.txt
[2.262s] reading manifest file '../../build/grasp_pose_estimator/grasp_pose_estimator.egg-info/SOURCES.txt'
[2.263s] adding license file 'LICENSE'
[2.263s] writing manifest file '../../build/grasp_pose_estimator/grasp_pose_estimator.egg-info/SOURCES.txt'
[2.263s] running build
[2.263s] running build_py
[2.263s] running install
[2.271s] running install_lib
[2.323s] running install_data
[2.323s] running install_egg_info
[2.369s] removing '/home/arz-1024/arm_ws/install/grasp_pose_estimator/lib/python3.12/site-packages/grasp_pose_estimator-0.0.0-py3.12.egg-info' (and everything under it)
[2.369s] Copying ../../build/grasp_pose_estimator/grasp_pose_estimator.egg-info to /home/arz-1024/arm_ws/install/grasp_pose_estimator/lib/python3.12/site-packages/grasp_pose_estimator-0.0.0-py3.12.egg-info
[2.371s] running install_scripts
[2.631s] Installing depth_process script to /home/arz-1024/arm_ws/install/grasp_pose_estimator/lib/grasp_pose_estimator
[2.631s] Installing yolo_detect script to /home/arz-1024/arm_ws/install/grasp_pose_estimator/lib/grasp_pose_estimator
[2.632s] writing list of installed files to '/home/arz-1024/arm_ws/build/grasp_pose_estimator/install.log'
[2.703s] Invoked command in '/home/arz-1024/arm_ws/src/grasp_pose_estimator' returned '0': DEBUGINFOD_URLS=https://debuginfod.ubuntu.com PYTHONPATH=/home/arz-1024/arm_ws/build/grasp_pose_estimator/prefix_override:/usr/lib/python3/dist-packages/colcon_core/task/python/colcon_distutils_commands:/home/arz-1024/arm_ws/install/grasp_pose_estimator/lib/python3.12/site-packages:${PYTHONPATH} /usr/bin/python3 -W ignore:setup.py install is deprecated -W ignore:easy_install command is deprecated setup.py egg_info --egg-base ../../build/grasp_pose_estimator build --build-base /home/arz-1024/arm_ws/build/grasp_pose_estimator/build install --record /home/arz-1024/arm_ws/build/grasp_pose_estimator/install.log --single-version-externally-managed install_data
