-- Install configuration: ""
-- Up-to-date: /home/arz-1024/arm_ws/install/arm_description/share/arm_description/launch
-- Up-to-date: /home/arz-1024/arm_ws/install/arm_description/share/arm_description/launch/6dof_rviz.launch.py
-- Up-to-date: /home/arz-1024/arm_ws/install/arm_description/share/arm_description/launch/.vscode
-- Up-to-date: /home/arz-1024/arm_ws/install/arm_description/share/arm_description/launch/.vscode/c_cpp_properties.json
-- Up-to-date: /home/arz-1024/arm_ws/install/arm_description/share/arm_description/launch/.vscode/settings.json
-- Up-to-date: /home/arz-1024/arm_ws/install/arm_description/share/arm_description/rviz
-- Up-to-date: /home/arz-1024/arm_ws/install/arm_description/share/arm_description/rviz/arm_6dof.rviz
-- Up-to-date: /home/arz-1024/arm_ws/install/arm_description/share/arm_description/urdf
-- Up-to-date: /home/arz-1024/arm_ws/install/arm_description/share/arm_description/urdf/sensors
-- Up-to-date: /home/arz-1024/arm_ws/install/arm_description/share/arm_description/urdf/sensors/intel_rgbd_cam_d435.urdf.xacro
-- Up-to-date: /home/arz-1024/arm_ws/install/arm_description/share/arm_description/urdf/mech
-- Up-to-date: /home/arz-1024/arm_ws/install/arm_description/share/arm_description/urdf/mech/arm_base.urdf.xacro
-- Up-to-date: /home/arz-1024/arm_ws/install/arm_description/share/arm_description/urdf/mech/arm_define.urdf.xacro
-- Up-to-date: /home/arz-1024/arm_ws/install/arm_description/share/arm_description/urdf/mech/adaptive_gripper.urdf.xacro
-- Up-to-date: /home/arz-1024/arm_ws/install/arm_description/share/arm_description/urdf/control
-- Up-to-date: /home/arz-1024/arm_ws/install/arm_description/share/arm_description/urdf/control/gazebo_sim_ros2_control.urdf.xacro
-- Up-to-date: /home/arz-1024/arm_ws/install/arm_description/share/arm_description/urdf/control/arm_transmission.urdf.xacro
-- Up-to-date: /home/arz-1024/arm_ws/install/arm_description/share/arm_description/urdf/robots
-- Up-to-date: /home/arz-1024/arm_ws/install/arm_description/share/arm_description/urdf/robots/arm_model.urdf.xacro
-- Up-to-date: /home/arz-1024/arm_ws/install/arm_description/share/arm_description/meshes
-- Up-to-date: /home/arz-1024/arm_ws/install/arm_description/share/arm_description/meshes/d435
-- Up-to-date: /home/arz-1024/arm_ws/install/arm_description/share/arm_description/meshes/d435/visual
-- Up-to-date: /home/arz-1024/arm_ws/install/arm_description/share/arm_description/meshes/d435/visual/d435.stl
-- Up-to-date: /home/arz-1024/arm_ws/install/arm_description/share/arm_description/meshes/g_shape_base_v2_0
-- Up-to-date: /home/arz-1024/arm_ws/install/arm_description/share/arm_description/meshes/g_shape_base_v2_0/visual
-- Up-to-date: /home/arz-1024/arm_ws/install/arm_description/share/arm_description/meshes/g_shape_base_v2_0/visual/base_link.dae
-- Up-to-date: /home/arz-1024/arm_ws/install/arm_description/share/arm_description/meshes/adaptive_gripper
-- Up-to-date: /home/arz-1024/arm_ws/install/arm_description/share/arm_description/meshes/adaptive_gripper/visual
-- Up-to-date: /home/arz-1024/arm_ws/install/arm_description/share/arm_description/meshes/adaptive_gripper/visual/gripper_left2.dae
-- Up-to-date: /home/arz-1024/arm_ws/install/arm_description/share/arm_description/meshes/adaptive_gripper/visual/gripper_left1.dae
-- Up-to-date: /home/arz-1024/arm_ws/install/arm_description/share/arm_description/meshes/adaptive_gripper/visual/gripper_right1.dae
-- Up-to-date: /home/arz-1024/arm_ws/install/arm_description/share/arm_description/meshes/adaptive_gripper/visual/gripper_left3.dae
-- Up-to-date: /home/arz-1024/arm_ws/install/arm_description/share/arm_description/meshes/adaptive_gripper/visual/gripper_base.dae
-- Up-to-date: /home/arz-1024/arm_ws/install/arm_description/share/arm_description/meshes/adaptive_gripper/visual/gripper_right2.dae
-- Up-to-date: /home/arz-1024/arm_ws/install/arm_description/share/arm_description/meshes/adaptive_gripper/visual/gripper_right3.dae
-- Up-to-date: /home/arz-1024/arm_ws/install/arm_description/share/arm_description/meshes/6dof_arm
-- Up-to-date: /home/arz-1024/arm_ws/install/arm_description/share/arm_description/meshes/6dof_arm/visual
-- Up-to-date: /home/arz-1024/arm_ws/install/arm_description/share/arm_description/meshes/6dof_arm/visual/link1.dae
-- Up-to-date: /home/arz-1024/arm_ws/install/arm_description/share/arm_description/meshes/6dof_arm/visual/link2.dae
-- Up-to-date: /home/arz-1024/arm_ws/install/arm_description/share/arm_description/meshes/6dof_arm/visual/link4.png
-- Up-to-date: /home/arz-1024/arm_ws/install/arm_description/share/arm_description/meshes/6dof_arm/visual/link6.png
-- Up-to-date: /home/arz-1024/arm_ws/install/arm_description/share/arm_description/meshes/6dof_arm/visual/link5.dae
-- Up-to-date: /home/arz-1024/arm_ws/install/arm_description/share/arm_description/meshes/6dof_arm/visual/link1.png
-- Up-to-date: /home/arz-1024/arm_ws/install/arm_description/share/arm_description/meshes/6dof_arm/visual/link6.dae
-- Up-to-date: /home/arz-1024/arm_ws/install/arm_description/share/arm_description/meshes/6dof_arm/visual/link5.png
-- Up-to-date: /home/arz-1024/arm_ws/install/arm_description/share/arm_description/meshes/6dof_arm/visual/link2.png
-- Up-to-date: /home/arz-1024/arm_ws/install/arm_description/share/arm_description/meshes/6dof_arm/visual/link7.png
-- Up-to-date: /home/arz-1024/arm_ws/install/arm_description/share/arm_description/meshes/6dof_arm/visual/suit_env.dae
-- Up-to-date: /home/arz-1024/arm_ws/install/arm_description/share/arm_description/meshes/6dof_arm/visual/link3.dae
-- Up-to-date: /home/arz-1024/arm_ws/install/arm_description/share/arm_description/meshes/6dof_arm/visual/link3.png
-- Up-to-date: /home/arz-1024/arm_ws/install/arm_description/share/arm_description/meshes/6dof_arm/visual/link7.dae
-- Up-to-date: /home/arz-1024/arm_ws/install/arm_description/share/arm_description/meshes/6dof_arm/visual/link4.dae
-- Up-to-date: /home/arz-1024/arm_ws/install/arm_description/share/ament_index/resource_index/package_run_dependencies/arm_description
-- Up-to-date: /home/arz-1024/arm_ws/install/arm_description/share/ament_index/resource_index/parent_prefix_path/arm_description
-- Up-to-date: /home/arz-1024/arm_ws/install/arm_description/share/arm_description/environment/ament_prefix_path.sh
-- Up-to-date: /home/arz-1024/arm_ws/install/arm_description/share/arm_description/environment/ament_prefix_path.dsv
-- Up-to-date: /home/arz-1024/arm_ws/install/arm_description/share/arm_description/environment/path.sh
-- Up-to-date: /home/arz-1024/arm_ws/install/arm_description/share/arm_description/environment/path.dsv
-- Up-to-date: /home/arz-1024/arm_ws/install/arm_description/share/arm_description/local_setup.bash
-- Up-to-date: /home/arz-1024/arm_ws/install/arm_description/share/arm_description/local_setup.sh
-- Up-to-date: /home/arz-1024/arm_ws/install/arm_description/share/arm_description/local_setup.zsh
-- Up-to-date: /home/arz-1024/arm_ws/install/arm_description/share/arm_description/local_setup.dsv
-- Installing: /home/arz-1024/arm_ws/install/arm_description/share/arm_description/package.dsv
-- Up-to-date: /home/arz-1024/arm_ws/install/arm_description/share/ament_index/resource_index/packages/arm_description
-- Up-to-date: /home/arz-1024/arm_ws/install/arm_description/share/arm_description/cmake/arm_descriptionConfig.cmake
-- Up-to-date: /home/arz-1024/arm_ws/install/arm_description/share/arm_description/cmake/arm_descriptionConfig-version.cmake
-- Up-to-date: /home/arz-1024/arm_ws/install/arm_description/share/arm_description/package.xml
