[2.900s] Invoking command in '/home/arz-1024/arm_ws/src/grasp_pose_estimator': DEBUGINFOD_URLS=https://debuginfod.ubuntu.com PYTHONPATH=/home/arz-1024/arm_ws/build/grasp_pose_estimator/prefix_override:/usr/lib/python3/dist-packages/colcon_core/task/python/colcon_distutils_commands:/home/arz-1024/arm_ws/install/grasp_pose_estimator/lib/python3.12/site-packages:${PYTHONPATH} /usr/bin/python3 -W ignore:setup.py install is deprecated -W ignore:easy_install command is deprecated setup.py egg_info --egg-base ../../build/grasp_pose_estimator build --build-base /home/arz-1024/arm_ws/build/grasp_pose_estimator/build install --record /home/arz-1024/arm_ws/build/grasp_pose_estimator/install.log --single-version-externally-managed install_data
[3.819s] running egg_info
[3.820s] creating ../../build/grasp_pose_estimator/grasp_pose_estimator.egg-info
[3.902s] writing ../../build/grasp_pose_estimator/grasp_pose_estimator.egg-info/PKG-INFO
[3.902s] writing dependency_links to ../../build/grasp_pose_estimator/grasp_pose_estimator.egg-info/dependency_links.txt
[3.903s] writing requirements to ../../build/grasp_pose_estimator/grasp_pose_estimator.egg-info/requires.txt
[3.904s] writing top-level names to ../../build/grasp_pose_estimator/grasp_pose_estimator.egg-info/top_level.txt
[3.904s] writing manifest file '../../build/grasp_pose_estimator/grasp_pose_estimator.egg-info/SOURCES.txt'
[4.076s] reading manifest file '../../build/grasp_pose_estimator/grasp_pose_estimator.egg-info/SOURCES.txt'
[4.077s] adding license file 'LICENSE'
[4.078s] writing manifest file '../../build/grasp_pose_estimator/grasp_pose_estimator.egg-info/SOURCES.txt'
[4.078s] running build
[4.078s] running build_py
[4.079s] creating /home/arz-1024/arm_ws/build/grasp_pose_estimator/build
[4.079s] creating /home/arz-1024/arm_ws/build/grasp_pose_estimator/build/lib
[4.079s] creating /home/arz-1024/arm_ws/build/grasp_pose_estimator/build/lib/grasp_pose_estimator
[4.079s] copying grasp_pose_estimator/__init__.py -> /home/arz-1024/arm_ws/build/grasp_pose_estimator/build/lib/grasp_pose_estimator
[4.080s] running install
[4.095s] running install_lib
[4.177s] creating /home/arz-1024/arm_ws/install/grasp_pose_estimator/lib/python3.12/site-packages/grasp_pose_estimator
[4.177s] copying /home/arz-1024/arm_ws/build/grasp_pose_estimator/build/lib/grasp_pose_estimator/__init__.py -> /home/arz-1024/arm_ws/install/grasp_pose_estimator/lib/python3.12/site-packages/grasp_pose_estimator
[4.178s] byte-compiling /home/arz-1024/arm_ws/install/grasp_pose_estimator/lib/python3.12/site-packages/grasp_pose_estimator/__init__.py to __init__.cpython-312.pyc
[4.179s] running install_data
[4.180s] creating /home/arz-1024/arm_ws/install/grasp_pose_estimator/share/ament_index
[4.180s] creating /home/arz-1024/arm_ws/install/grasp_pose_estimator/share/ament_index/resource_index
[4.180s] creating /home/arz-1024/arm_ws/install/grasp_pose_estimator/share/ament_index/resource_index/packages
[4.180s] copying resource/grasp_pose_estimator -> /home/arz-1024/arm_ws/install/grasp_pose_estimator/share/ament_index/resource_index/packages
[4.180s] copying package.xml -> /home/arz-1024/arm_ws/install/grasp_pose_estimator/share/grasp_pose_estimator
[4.181s] running install_egg_info
[4.267s] Copying ../../build/grasp_pose_estimator/grasp_pose_estimator.egg-info to /home/arz-1024/arm_ws/install/grasp_pose_estimator/lib/python3.12/site-packages/grasp_pose_estimator-0.0.0-py3.12.egg-info
[4.269s] running install_scripts
[4.731s] writing list of installed files to '/home/arz-1024/arm_ws/build/grasp_pose_estimator/install.log'
[4.788s] Invoked command in '/home/arz-1024/arm_ws/src/grasp_pose_estimator' returned '0': DEBUGINFOD_URLS=https://debuginfod.ubuntu.com PYTHONPATH=/home/arz-1024/arm_ws/build/grasp_pose_estimator/prefix_override:/usr/lib/python3/dist-packages/colcon_core/task/python/colcon_distutils_commands:/home/arz-1024/arm_ws/install/grasp_pose_estimator/lib/python3.12/site-packages:${PYTHONPATH} /usr/bin/python3 -W ignore:setup.py install is deprecated -W ignore:easy_install command is deprecated setup.py egg_info --egg-base ../../build/grasp_pose_estimator build --build-base /home/arz-1024/arm_ws/build/grasp_pose_estimator/build install --record /home/arz-1024/arm_ws/build/grasp_pose_estimator/install.log --single-version-externally-managed install_data
