[0.544s] Invoking command in '/home/arz-1024/arm_ws/src/arm_gazebo/build/arm_gazebo': DEBUGINFOD_URLS=https://debuginfod.ubuntu.com PYTHONPATH=/home/arz-1024/arm_ws/src/arm_gazebo/build/arm_gazebo/prefix_override:/usr/lib/python3/dist-packages/colcon_core/task/python/colcon_distutils_commands:/home/arz-1024/arm_ws/src/arm_gazebo/install/arm_gazebo/lib/python3.12/site-packages:${PYTHONPATH} /usr/bin/python3 -W ignore:setup.py install is deprecated -W ignore:easy_install command is deprecated setup.py develop --editable --build-directory /home/arz-1024/arm_ws/src/arm_gazebo/build/arm_gazebo/build --no-deps symlink_data --force
[0.781s] running develop
[0.917s] running egg_info
[0.930s] writing arm_gazebo.egg-info/PKG-INFO
[0.931s] writing dependency_links to arm_gazebo.egg-info/dependency_links.txt
[0.931s] writing requirements to arm_gazebo.egg-info/requires.txt
[0.931s] writing top-level names to arm_gazebo.egg-info/top_level.txt
[0.957s] reading manifest file 'arm_gazebo.egg-info/SOURCES.txt'
[0.958s] writing manifest file 'arm_gazebo.egg-info/SOURCES.txt'
[0.972s] running build_ext
[0.972s] Creating /home/arz-1024/arm_ws/src/arm_gazebo/install/arm_gazebo/lib/python3.12/site-packages/arm-gazebo.egg-link (link to .)
[0.972s] 
[0.972s] Installed /home/arz-1024/arm_ws/src/arm_gazebo/build/arm_gazebo
[0.972s] running symlink_data
[0.972s] symbolically linking /home/arz-1024/arm_ws/src/arm_gazebo/build/arm_gazebo/resource/arm_gazebo -> /home/arz-1024/arm_ws/src/arm_gazebo/install/arm_gazebo/share/ament_index/resource_index/packages
[0.972s] symbolically linking /home/arz-1024/arm_ws/src/arm_gazebo/build/arm_gazebo/package.xml -> /home/arz-1024/arm_ws/src/arm_gazebo/install/arm_gazebo/share/arm_gazebo
[0.973s] symbolically linking /home/arz-1024/arm_ws/src/arm_gazebo/build/arm_gazebo/launch/6dof_gazebo.launch.py -> /home/arz-1024/arm_ws/src/arm_gazebo/install/arm_gazebo/share/arm_gazebo/launch
[0.973s] symbolically linking /home/arz-1024/arm_ws/src/arm_gazebo/build/arm_gazebo/urdf/arm_control.urdf.xacro -> /home/arz-1024/arm_ws/src/arm_gazebo/install/arm_gazebo/share/arm_gazebo/urdf
[0.973s] symbolically linking /home/arz-1024/arm_ws/src/arm_gazebo/build/arm_gazebo/config/simple_controller.yaml -> /home/arz-1024/arm_ws/src/arm_gazebo/install/arm_gazebo/share/arm_gazebo/config
[0.973s] symbolically linking /home/arz-1024/arm_ws/src/arm_gazebo/build/arm_gazebo/world/empty_world.sdf -> /home/arz-1024/arm_ws/src/arm_gazebo/install/arm_gazebo/share/arm_gazebo/world
[0.990s] Invoked command in '/home/arz-1024/arm_ws/src/arm_gazebo/build/arm_gazebo' returned '0': DEBUGINFOD_URLS=https://debuginfod.ubuntu.com PYTHONPATH=/home/arz-1024/arm_ws/src/arm_gazebo/build/arm_gazebo/prefix_override:/usr/lib/python3/dist-packages/colcon_core/task/python/colcon_distutils_commands:/home/arz-1024/arm_ws/src/arm_gazebo/install/arm_gazebo/lib/python3.12/site-packages:${PYTHONPATH} /usr/bin/python3 -W ignore:setup.py install is deprecated -W ignore:easy_install command is deprecated setup.py develop --editable --build-directory /home/arz-1024/arm_ws/src/arm_gazebo/build/arm_gazebo/build --no-deps symlink_data --force
