[0.150s] DEBUG:colcon:Command line arguments: ['/usr/bin/colcon', 'build']
[0.150s] DEBUG:colcon:Parsed command line arguments: Namespace(log_base=None, log_level=None, verb_name='build', build_base='build', install_base='install', merge_install=False, symlink_install=False, test_result_base=None, continue_on_error=False, executor='parallel', parallel_workers=16, event_handlers=None, ignore_user_meta=False, metas=['./colcon.meta'], base_paths=['.'], packages_ignore=None, packages_ignore_regex=None, paths=None, packages_up_to=None, packages_up_to_regex=None, packages_above=None, packages_above_and_dependencies=None, packages_above_depth=None, packages_select_by_dep=None, packages_skip_by_dep=None, packages_skip_up_to=None, packages_select_build_failed=False, packages_skip_build_finished=False, packages_select_test_failures=False, packages_skip_test_passed=False, packages_select=None, packages_skip=None, packages_select_regex=None, packages_skip_regex=None, packages_start=None, packages_end=None, allow_overriding=[], cmake_args=None, cmake_target=None, cmake_target_skip_unavailable=False, cmake_clean_cache=False, cmake_clean_first=False, cmake_force_configure=False, ament_cmake_args=None, catkin_cmake_args=None, catkin_skip_building_tests=False, mixin_files=None, mixin=None, verb_parser=<colcon_mixin.mixin.mixin_argument.MixinArgumentDecorator object at 0x72d7803de390>, verb_extension=<colcon_core.verb.build.BuildVerb object at 0x72d7803217f0>, main=<bound method BuildVerb.main of <colcon_core.verb.build.BuildVerb object at 0x72d7803217f0>>, mixin_verb=('build',))
[0.201s] Level 1:colcon.colcon_core.package_discovery:discover_packages(colcon_meta) check parameters
[0.202s] Level 1:colcon.colcon_core.package_discovery:discover_packages(recursive) check parameters
[0.202s] Level 1:colcon.colcon_core.package_discovery:discover_packages(ignore) check parameters
[0.202s] Level 1:colcon.colcon_core.package_discovery:discover_packages(path) check parameters
[0.202s] Level 1:colcon.colcon_core.package_discovery:discover_packages(colcon_meta) discover
[0.202s] Level 1:colcon.colcon_core.package_discovery:discover_packages(recursive) discover
[0.202s] INFO:colcon.colcon_core.package_discovery:Crawling recursively for packages in '/home/arz-1024/arm_ws'
[0.202s] Level 1:colcon.colcon_core.package_identification:_identify(.) by extensions ['ignore', 'ignore_ament_install']
[0.202s] Level 1:colcon.colcon_core.package_identification:_identify(.) by extension 'ignore'
[0.202s] Level 1:colcon.colcon_core.package_identification:_identify(.) by extension 'ignore_ament_install'
[0.202s] Level 1:colcon.colcon_core.package_identification:_identify(.) by extensions ['colcon_pkg']
[0.202s] Level 1:colcon.colcon_core.package_identification:_identify(.) by extension 'colcon_pkg'
[0.202s] Level 1:colcon.colcon_core.package_identification:_identify(.) by extensions ['colcon_meta']
[0.202s] Level 1:colcon.colcon_core.package_identification:_identify(.) by extension 'colcon_meta'
[0.202s] Level 1:colcon.colcon_core.package_identification:_identify(.) by extensions ['ros']
[0.202s] Level 1:colcon.colcon_core.package_identification:_identify(.) by extension 'ros'
[0.228s] Level 1:colcon.colcon_core.package_identification:_identify(.) by extensions ['cmake', 'python']
[0.228s] Level 1:colcon.colcon_core.package_identification:_identify(.) by extension 'cmake'
[0.228s] Level 1:colcon.colcon_core.package_identification:_identify(.) by extension 'python'
[0.228s] Level 1:colcon.colcon_core.package_identification:_identify(.) by extensions ['python_setup_py']
[0.228s] Level 1:colcon.colcon_core.package_identification:_identify(.) by extension 'python_setup_py'
[0.229s] Level 1:colcon.colcon_core.package_identification:_identify(build) by extensions ['ignore', 'ignore_ament_install']
[0.229s] Level 1:colcon.colcon_core.package_identification:_identify(build) by extension 'ignore'
[0.229s] Level 1:colcon.colcon_core.package_identification:_identify(build) ignored
[0.229s] Level 1:colcon.colcon_core.package_identification:_identify(install) by extensions ['ignore', 'ignore_ament_install']
[0.229s] Level 1:colcon.colcon_core.package_identification:_identify(install) by extension 'ignore'
[0.229s] Level 1:colcon.colcon_core.package_identification:_identify(install) ignored
[0.229s] Level 1:colcon.colcon_core.package_identification:_identify(log) by extensions ['ignore', 'ignore_ament_install']
[0.230s] Level 1:colcon.colcon_core.package_identification:_identify(log) by extension 'ignore'
[0.230s] Level 1:colcon.colcon_core.package_identification:_identify(log) ignored
[0.230s] Level 1:colcon.colcon_core.package_identification:_identify(src) by extensions ['ignore', 'ignore_ament_install']
[0.230s] Level 1:colcon.colcon_core.package_identification:_identify(src) by extension 'ignore'
[0.230s] Level 1:colcon.colcon_core.package_identification:_identify(src) by extension 'ignore_ament_install'
[0.230s] Level 1:colcon.colcon_core.package_identification:_identify(src) by extensions ['colcon_pkg']
[0.230s] Level 1:colcon.colcon_core.package_identification:_identify(src) by extension 'colcon_pkg'
[0.230s] Level 1:colcon.colcon_core.package_identification:_identify(src) by extensions ['colcon_meta']
[0.230s] Level 1:colcon.colcon_core.package_identification:_identify(src) by extension 'colcon_meta'
[0.230s] Level 1:colcon.colcon_core.package_identification:_identify(src) by extensions ['ros']
[0.230s] Level 1:colcon.colcon_core.package_identification:_identify(src) by extension 'ros'
[0.230s] Level 1:colcon.colcon_core.package_identification:_identify(src) by extensions ['cmake', 'python']
[0.230s] Level 1:colcon.colcon_core.package_identification:_identify(src) by extension 'cmake'
[0.230s] Level 1:colcon.colcon_core.package_identification:_identify(src) by extension 'python'
[0.230s] Level 1:colcon.colcon_core.package_identification:_identify(src) by extensions ['python_setup_py']
[0.230s] Level 1:colcon.colcon_core.package_identification:_identify(src) by extension 'python_setup_py'
[0.230s] Level 1:colcon.colcon_core.package_identification:_identify(src/arm_description) by extensions ['ignore', 'ignore_ament_install']
[0.230s] Level 1:colcon.colcon_core.package_identification:_identify(src/arm_description) by extension 'ignore'
[0.231s] Level 1:colcon.colcon_core.package_identification:_identify(src/arm_description) by extension 'ignore_ament_install'
[0.231s] Level 1:colcon.colcon_core.package_identification:_identify(src/arm_description) by extensions ['colcon_pkg']
[0.231s] Level 1:colcon.colcon_core.package_identification:_identify(src/arm_description) by extension 'colcon_pkg'
[0.231s] Level 1:colcon.colcon_core.package_identification:_identify(src/arm_description) by extensions ['colcon_meta']
[0.231s] Level 1:colcon.colcon_core.package_identification:_identify(src/arm_description) by extension 'colcon_meta'
[0.231s] Level 1:colcon.colcon_core.package_identification:_identify(src/arm_description) by extensions ['ros']
[0.231s] Level 1:colcon.colcon_core.package_identification:_identify(src/arm_description) by extension 'ros'
[0.234s] DEBUG:colcon.colcon_core.package_identification:Package 'src/arm_description' with type 'ros.ament_cmake' and name 'arm_description'
[0.234s] Level 1:colcon.colcon_core.package_identification:_identify(src/arm_gazebo) by extensions ['ignore', 'ignore_ament_install']
[0.234s] Level 1:colcon.colcon_core.package_identification:_identify(src/arm_gazebo) by extension 'ignore'
[0.234s] Level 1:colcon.colcon_core.package_identification:_identify(src/arm_gazebo) by extension 'ignore_ament_install'
[0.234s] Level 1:colcon.colcon_core.package_identification:_identify(src/arm_gazebo) by extensions ['colcon_pkg']
[0.234s] Level 1:colcon.colcon_core.package_identification:_identify(src/arm_gazebo) by extension 'colcon_pkg'
[0.234s] Level 1:colcon.colcon_core.package_identification:_identify(src/arm_gazebo) by extensions ['colcon_meta']
[0.234s] Level 1:colcon.colcon_core.package_identification:_identify(src/arm_gazebo) by extension 'colcon_meta'
[0.235s] Level 1:colcon.colcon_core.package_identification:_identify(src/arm_gazebo) by extensions ['ros']
[0.235s] Level 1:colcon.colcon_core.package_identification:_identify(src/arm_gazebo) by extension 'ros'
[0.236s] DEBUG:colcon.colcon_core.package_identification:Package 'src/arm_gazebo' with type 'ros.ament_python' and name 'arm_gazebo'
[0.236s] Level 1:colcon.colcon_core.package_identification:_identify(src/grasp_pose_estimator) by extensions ['ignore', 'ignore_ament_install']
[0.236s] Level 1:colcon.colcon_core.package_identification:_identify(src/grasp_pose_estimator) by extension 'ignore'
[0.236s] Level 1:colcon.colcon_core.package_identification:_identify(src/grasp_pose_estimator) by extension 'ignore_ament_install'
[0.236s] Level 1:colcon.colcon_core.package_identification:_identify(src/grasp_pose_estimator) by extensions ['colcon_pkg']
[0.236s] Level 1:colcon.colcon_core.package_identification:_identify(src/grasp_pose_estimator) by extension 'colcon_pkg'
[0.236s] Level 1:colcon.colcon_core.package_identification:_identify(src/grasp_pose_estimator) by extensions ['colcon_meta']
[0.236s] Level 1:colcon.colcon_core.package_identification:_identify(src/grasp_pose_estimator) by extension 'colcon_meta'
[0.236s] Level 1:colcon.colcon_core.package_identification:_identify(src/grasp_pose_estimator) by extensions ['ros']
[0.236s] Level 1:colcon.colcon_core.package_identification:_identify(src/grasp_pose_estimator) by extension 'ros'
[0.237s] DEBUG:colcon.colcon_core.package_identification:Package 'src/grasp_pose_estimator' with type 'ros.ament_python' and name 'grasp_pose_estimator'
[0.238s] Level 1:colcon.colcon_core.package_discovery:discover_packages(recursive) using defaults
[0.238s] Level 1:colcon.colcon_core.package_discovery:discover_packages(ignore) discover
[0.238s] Level 1:colcon.colcon_core.package_discovery:discover_packages(ignore) using defaults
[0.238s] Level 1:colcon.colcon_core.package_discovery:discover_packages(path) discover
[0.238s] Level 1:colcon.colcon_core.package_discovery:discover_packages(path) using defaults
[0.267s] Level 1:colcon.colcon_core.package_discovery:discover_packages(prefix_path) check parameters
[0.267s] Level 1:colcon.colcon_core.package_discovery:discover_packages(prefix_path) discover
[0.270s] DEBUG:colcon.colcon_installed_package_information.package_discovery:Found 3 installed packages in /home/arz-1024/arm_ws/install
[0.272s] DEBUG:colcon.colcon_installed_package_information.package_discovery:Found 471 installed packages in /opt/ros/jazzy
[0.273s] Level 1:colcon.colcon_core.package_discovery:discover_packages(prefix_path) using defaults
[0.338s] Level 5:colcon.colcon_core.verb:set package 'arm_description' build argument 'cmake_args' from command line to 'None'
[0.338s] Level 5:colcon.colcon_core.verb:set package 'arm_description' build argument 'cmake_target' from command line to 'None'
[0.338s] Level 5:colcon.colcon_core.verb:set package 'arm_description' build argument 'cmake_target_skip_unavailable' from command line to 'False'
[0.338s] Level 5:colcon.colcon_core.verb:set package 'arm_description' build argument 'cmake_clean_cache' from command line to 'False'
[0.338s] Level 5:colcon.colcon_core.verb:set package 'arm_description' build argument 'cmake_clean_first' from command line to 'False'
[0.338s] Level 5:colcon.colcon_core.verb:set package 'arm_description' build argument 'cmake_force_configure' from command line to 'False'
[0.338s] Level 5:colcon.colcon_core.verb:set package 'arm_description' build argument 'ament_cmake_args' from command line to 'None'
[0.338s] Level 5:colcon.colcon_core.verb:set package 'arm_description' build argument 'catkin_cmake_args' from command line to 'None'
[0.338s] Level 5:colcon.colcon_core.verb:set package 'arm_description' build argument 'catkin_skip_building_tests' from command line to 'False'
[0.338s] DEBUG:colcon.colcon_core.verb:Building package 'arm_description' with the following arguments: {'ament_cmake_args': None, 'build_base': '/home/arz-1024/arm_ws/build/arm_description', 'catkin_cmake_args': None, 'catkin_skip_building_tests': False, 'cmake_args': None, 'cmake_clean_cache': False, 'cmake_clean_first': False, 'cmake_force_configure': False, 'cmake_target': None, 'cmake_target_skip_unavailable': False, 'install_base': '/home/arz-1024/arm_ws/install/arm_description', 'merge_install': False, 'path': '/home/arz-1024/arm_ws/src/arm_description', 'symlink_install': False, 'test_result_base': None}
[0.338s] Level 5:colcon.colcon_core.verb:set package 'grasp_pose_estimator' build argument 'cmake_args' from command line to 'None'
[0.338s] Level 5:colcon.colcon_core.verb:set package 'grasp_pose_estimator' build argument 'cmake_target' from command line to 'None'
[0.338s] Level 5:colcon.colcon_core.verb:set package 'grasp_pose_estimator' build argument 'cmake_target_skip_unavailable' from command line to 'False'
[0.338s] Level 5:colcon.colcon_core.verb:set package 'grasp_pose_estimator' build argument 'cmake_clean_cache' from command line to 'False'
[0.338s] Level 5:colcon.colcon_core.verb:set package 'grasp_pose_estimator' build argument 'cmake_clean_first' from command line to 'False'
[0.338s] Level 5:colcon.colcon_core.verb:set package 'grasp_pose_estimator' build argument 'cmake_force_configure' from command line to 'False'
[0.338s] Level 5:colcon.colcon_core.verb:set package 'grasp_pose_estimator' build argument 'ament_cmake_args' from command line to 'None'
[0.338s] Level 5:colcon.colcon_core.verb:set package 'grasp_pose_estimator' build argument 'catkin_cmake_args' from command line to 'None'
[0.338s] Level 5:colcon.colcon_core.verb:set package 'grasp_pose_estimator' build argument 'catkin_skip_building_tests' from command line to 'False'
[0.338s] DEBUG:colcon.colcon_core.verb:Building package 'grasp_pose_estimator' with the following arguments: {'ament_cmake_args': None, 'build_base': '/home/arz-1024/arm_ws/build/grasp_pose_estimator', 'catkin_cmake_args': None, 'catkin_skip_building_tests': False, 'cmake_args': None, 'cmake_clean_cache': False, 'cmake_clean_first': False, 'cmake_force_configure': False, 'cmake_target': None, 'cmake_target_skip_unavailable': False, 'install_base': '/home/arz-1024/arm_ws/install/grasp_pose_estimator', 'merge_install': False, 'path': '/home/arz-1024/arm_ws/src/grasp_pose_estimator', 'symlink_install': False, 'test_result_base': None}
[0.339s] Level 5:colcon.colcon_core.verb:set package 'arm_gazebo' build argument 'cmake_args' from command line to 'None'
[0.339s] Level 5:colcon.colcon_core.verb:set package 'arm_gazebo' build argument 'cmake_target' from command line to 'None'
[0.339s] Level 5:colcon.colcon_core.verb:set package 'arm_gazebo' build argument 'cmake_target_skip_unavailable' from command line to 'False'
[0.339s] Level 5:colcon.colcon_core.verb:set package 'arm_gazebo' build argument 'cmake_clean_cache' from command line to 'False'
[0.339s] Level 5:colcon.colcon_core.verb:set package 'arm_gazebo' build argument 'cmake_clean_first' from command line to 'False'
[0.339s] Level 5:colcon.colcon_core.verb:set package 'arm_gazebo' build argument 'cmake_force_configure' from command line to 'False'
[0.339s] Level 5:colcon.colcon_core.verb:set package 'arm_gazebo' build argument 'ament_cmake_args' from command line to 'None'
[0.339s] Level 5:colcon.colcon_core.verb:set package 'arm_gazebo' build argument 'catkin_cmake_args' from command line to 'None'
[0.339s] Level 5:colcon.colcon_core.verb:set package 'arm_gazebo' build argument 'catkin_skip_building_tests' from command line to 'False'
[0.339s] DEBUG:colcon.colcon_core.verb:Building package 'arm_gazebo' with the following arguments: {'ament_cmake_args': None, 'build_base': '/home/arz-1024/arm_ws/build/arm_gazebo', 'catkin_cmake_args': None, 'catkin_skip_building_tests': False, 'cmake_args': None, 'cmake_clean_cache': False, 'cmake_clean_first': False, 'cmake_force_configure': False, 'cmake_target': None, 'cmake_target_skip_unavailable': False, 'install_base': '/home/arz-1024/arm_ws/install/arm_gazebo', 'merge_install': False, 'path': '/home/arz-1024/arm_ws/src/arm_gazebo', 'symlink_install': False, 'test_result_base': None}
[0.339s] INFO:colcon.colcon_core.executor:Executing jobs using 'parallel' executor
[0.342s] DEBUG:colcon.colcon_parallel_executor.executor.parallel:run_until_complete
[0.342s] INFO:colcon.colcon_ros.task.ament_cmake.build:Building ROS package in '/home/arz-1024/arm_ws/src/arm_description' with build type 'ament_cmake'
[0.343s] INFO:colcon.colcon_cmake.task.cmake.build:Building CMake package in '/home/arz-1024/arm_ws/src/arm_description'
[0.345s] INFO:colcon.colcon_core.plugin_system:Skipping extension 'colcon_core.shell.bat': Not used on non-Windows systems
[0.345s] INFO:colcon.colcon_core.shell:Skip shell extension 'powershell' for command environment: Not usable outside of PowerShell
[0.345s] DEBUG:colcon.colcon_core.shell:Skip shell extension 'dsv' for command environment
[0.349s] INFO:colcon.colcon_ros.task.ament_python.build:Building ROS package in '/home/arz-1024/arm_ws/src/grasp_pose_estimator' with build type 'ament_python'
[0.349s] Level 1:colcon.colcon_core.shell:create_environment_hook('grasp_pose_estimator', 'ament_prefix_path')
[0.350s] INFO:colcon.colcon_core.shell:Creating environment hook '/home/arz-1024/arm_ws/install/grasp_pose_estimator/share/grasp_pose_estimator/hook/ament_prefix_path.ps1'
[0.351s] INFO:colcon.colcon_core.shell:Creating environment descriptor '/home/arz-1024/arm_ws/install/grasp_pose_estimator/share/grasp_pose_estimator/hook/ament_prefix_path.dsv'
[0.352s] INFO:colcon.colcon_core.shell:Creating environment hook '/home/arz-1024/arm_ws/install/grasp_pose_estimator/share/grasp_pose_estimator/hook/ament_prefix_path.sh'
[0.353s] INFO:colcon.colcon_core.shell:Skip shell extension 'powershell' for command environment: Not usable outside of PowerShell
[0.353s] DEBUG:colcon.colcon_core.shell:Skip shell extension 'dsv' for command environment
[0.409s] DEBUG:colcon.colcon_core.event_handler.log_command:Invoking command in '/home/arz-1024/arm_ws/build/arm_description': CMAKE_PREFIX_PATH=${CMAKE_PREFIX_PATH}:/home/arz-1024/arm_ws/install/grasp_pose_estimator:/home/arz-1024/arm_ws/install/arm_gazebo:/opt/ros/jazzy DEBUGINFOD_URLS=https://debuginfod.ubuntu.com /usr/bin/cmake --build /home/arz-1024/arm_ws/build/arm_description -- -j16 -l16
[0.770s] INFO:colcon.colcon_core.task.python.build:Building Python package in '/home/arz-1024/arm_ws/src/grasp_pose_estimator'
[0.770s] INFO:colcon.colcon_core.shell:Skip shell extension 'powershell' for command environment: Not usable outside of PowerShell
[0.771s] DEBUG:colcon.colcon_core.shell:Skip shell extension 'dsv' for command environment
[0.779s] DEBUG:colcon.colcon_core.event_handler.log_command:Invoked command in '/home/arz-1024/arm_ws/build/arm_description' returned '0': CMAKE_PREFIX_PATH=${CMAKE_PREFIX_PATH}:/home/arz-1024/arm_ws/install/grasp_pose_estimator:/home/arz-1024/arm_ws/install/arm_gazebo:/opt/ros/jazzy DEBUGINFOD_URLS=https://debuginfod.ubuntu.com /usr/bin/cmake --build /home/arz-1024/arm_ws/build/arm_description -- -j16 -l16
[0.800s] DEBUG:colcon.colcon_core.event_handler.log_command:Invoking command in '/home/arz-1024/arm_ws/build/arm_description': CMAKE_PREFIX_PATH=${CMAKE_PREFIX_PATH}:/home/arz-1024/arm_ws/install/grasp_pose_estimator:/home/arz-1024/arm_ws/install/arm_gazebo:/opt/ros/jazzy DEBUGINFOD_URLS=https://debuginfod.ubuntu.com /usr/bin/cmake --install /home/arz-1024/arm_ws/build/arm_description
[0.820s] Level 1:colcon.colcon_core.environment:create_environment_scripts_only(arm_description)
[0.824s] Level 1:colcon.colcon_core.environment:checking '/home/arz-1024/arm_ws/install/arm_description' for CMake module files
[0.825s] Level 1:colcon.colcon_core.environment:checking '/home/arz-1024/arm_ws/install/arm_description' for CMake config files
[0.826s] Level 1:colcon.colcon_core.shell:create_environment_hook('arm_description', 'cmake_prefix_path')
[0.826s] INFO:colcon.colcon_core.shell:Creating environment hook '/home/arz-1024/arm_ws/install/arm_description/share/arm_description/hook/cmake_prefix_path.ps1'
[0.827s] INFO:colcon.colcon_core.shell:Creating environment descriptor '/home/arz-1024/arm_ws/install/arm_description/share/arm_description/hook/cmake_prefix_path.dsv'
[0.827s] INFO:colcon.colcon_core.shell:Creating environment hook '/home/arz-1024/arm_ws/install/arm_description/share/arm_description/hook/cmake_prefix_path.sh'
[0.829s] DEBUG:colcon.colcon_core.event_handler.log_command:Invoked command in '/home/arz-1024/arm_ws/build/arm_description' returned '0': CMAKE_PREFIX_PATH=${CMAKE_PREFIX_PATH}:/home/arz-1024/arm_ws/install/grasp_pose_estimator:/home/arz-1024/arm_ws/install/arm_gazebo:/opt/ros/jazzy DEBUGINFOD_URLS=https://debuginfod.ubuntu.com /usr/bin/cmake --install /home/arz-1024/arm_ws/build/arm_description
[0.829s] Level 1:colcon.colcon_core.environment:checking '/home/arz-1024/arm_ws/install/arm_description/bin'
[0.829s] Level 1:colcon.colcon_core.environment:checking '/home/arz-1024/arm_ws/install/arm_description/lib/pkgconfig/arm_description.pc'
[0.829s] Level 1:colcon.colcon_core.environment:checking '/home/arz-1024/arm_ws/install/arm_description/lib/python3.12/site-packages'
[0.830s] Level 1:colcon.colcon_core.environment:checking '/home/arz-1024/arm_ws/install/arm_description/bin'
[0.830s] INFO:colcon.colcon_core.shell:Creating package script '/home/arz-1024/arm_ws/install/arm_description/share/arm_description/package.ps1'
[0.831s] INFO:colcon.colcon_core.shell:Creating package descriptor '/home/arz-1024/arm_ws/install/arm_description/share/arm_description/package.dsv'
[0.832s] INFO:colcon.colcon_core.shell:Creating package script '/home/arz-1024/arm_ws/install/arm_description/share/arm_description/package.sh'
[0.833s] INFO:colcon.colcon_core.shell:Creating package script '/home/arz-1024/arm_ws/install/arm_description/share/arm_description/package.bash'
[0.833s] INFO:colcon.colcon_core.shell:Creating package script '/home/arz-1024/arm_ws/install/arm_description/share/arm_description/package.zsh'
[0.834s] Level 1:colcon.colcon_core.environment:create_file_with_runtime_dependencies(/home/arz-1024/arm_ws/install/arm_description/share/colcon-core/packages/arm_description)
[0.835s] Level 1:colcon.colcon_core.environment:create_environment_scripts_only(arm_description)
[0.835s] Level 1:colcon.colcon_core.environment:checking '/home/arz-1024/arm_ws/install/arm_description' for CMake module files
[0.836s] Level 1:colcon.colcon_core.environment:checking '/home/arz-1024/arm_ws/install/arm_description' for CMake config files
[0.836s] Level 1:colcon.colcon_core.shell:create_environment_hook('arm_description', 'cmake_prefix_path')
[0.836s] INFO:colcon.colcon_core.shell:Creating environment hook '/home/arz-1024/arm_ws/install/arm_description/share/arm_description/hook/cmake_prefix_path.ps1'
[0.837s] INFO:colcon.colcon_core.shell:Creating environment descriptor '/home/arz-1024/arm_ws/install/arm_description/share/arm_description/hook/cmake_prefix_path.dsv'
[0.837s] INFO:colcon.colcon_core.shell:Creating environment hook '/home/arz-1024/arm_ws/install/arm_description/share/arm_description/hook/cmake_prefix_path.sh'
[0.838s] Level 1:colcon.colcon_core.environment:checking '/home/arz-1024/arm_ws/install/arm_description/bin'
[0.838s] Level 1:colcon.colcon_core.environment:checking '/home/arz-1024/arm_ws/install/arm_description/lib/pkgconfig/arm_description.pc'
[0.839s] Level 1:colcon.colcon_core.environment:checking '/home/arz-1024/arm_ws/install/arm_description/lib/python3.12/site-packages'
[0.839s] Level 1:colcon.colcon_core.environment:checking '/home/arz-1024/arm_ws/install/arm_description/bin'
[0.839s] INFO:colcon.colcon_core.shell:Creating package script '/home/arz-1024/arm_ws/install/arm_description/share/arm_description/package.ps1'
[0.840s] INFO:colcon.colcon_core.shell:Creating package descriptor '/home/arz-1024/arm_ws/install/arm_description/share/arm_description/package.dsv'
[0.841s] INFO:colcon.colcon_core.shell:Creating package script '/home/arz-1024/arm_ws/install/arm_description/share/arm_description/package.sh'
[0.841s] INFO:colcon.colcon_core.shell:Creating package script '/home/arz-1024/arm_ws/install/arm_description/share/arm_description/package.bash'
[0.842s] INFO:colcon.colcon_core.shell:Creating package script '/home/arz-1024/arm_ws/install/arm_description/share/arm_description/package.zsh'
[0.842s] Level 1:colcon.colcon_core.environment:create_file_with_runtime_dependencies(/home/arz-1024/arm_ws/install/arm_description/share/colcon-core/packages/arm_description)
[0.843s] INFO:colcon.colcon_ros.task.ament_python.build:Building ROS package in '/home/arz-1024/arm_ws/src/arm_gazebo' with build type 'ament_python'
[0.843s] Level 1:colcon.colcon_core.shell:create_environment_hook('arm_gazebo', 'ament_prefix_path')
[0.843s] INFO:colcon.colcon_core.shell:Creating environment hook '/home/arz-1024/arm_ws/install/arm_gazebo/share/arm_gazebo/hook/ament_prefix_path.ps1'
[0.844s] INFO:colcon.colcon_core.shell:Creating environment descriptor '/home/arz-1024/arm_ws/install/arm_gazebo/share/arm_gazebo/hook/ament_prefix_path.dsv'
[0.844s] INFO:colcon.colcon_core.shell:Creating environment hook '/home/arz-1024/arm_ws/install/arm_gazebo/share/arm_gazebo/hook/ament_prefix_path.sh'
[0.845s] INFO:colcon.colcon_core.shell:Skip shell extension 'powershell' for command environment: Not usable outside of PowerShell
[0.845s] DEBUG:colcon.colcon_core.shell:Skip shell extension 'dsv' for command environment
[1.268s] INFO:colcon.colcon_core.task.python.build:Building Python package in '/home/arz-1024/arm_ws/src/arm_gazebo'
[1.269s] INFO:colcon.colcon_core.shell:Skip shell extension 'powershell' for command environment: Not usable outside of PowerShell
[1.269s] DEBUG:colcon.colcon_core.shell:Skip shell extension 'dsv' for command environment
[2.001s] DEBUG:colcon.colcon_core.event_handler.log_command:Invoking command in '/home/arz-1024/arm_ws/src/grasp_pose_estimator': DEBUGINFOD_URLS=https://debuginfod.ubuntu.com PYTHONPATH=/home/arz-1024/arm_ws/build/grasp_pose_estimator/prefix_override:/usr/lib/python3/dist-packages/colcon_core/task/python/colcon_distutils_commands:/home/arz-1024/arm_ws/install/grasp_pose_estimator/lib/python3.12/site-packages:${PYTHONPATH} /usr/bin/python3 -W ignore:setup.py install is deprecated -W ignore:easy_install command is deprecated setup.py egg_info --egg-base ../../build/grasp_pose_estimator build --build-base /home/arz-1024/arm_ws/build/grasp_pose_estimator/build install --record /home/arz-1024/arm_ws/build/grasp_pose_estimator/install.log --single-version-externally-managed install_data
[2.518s] DEBUG:colcon.colcon_core.event_handler.log_command:Invoking command in '/home/arz-1024/arm_ws/src/arm_gazebo': DEBUGINFOD_URLS=https://debuginfod.ubuntu.com PYTHONPATH=/home/arz-1024/arm_ws/build/arm_gazebo/prefix_override:/usr/lib/python3/dist-packages/colcon_core/task/python/colcon_distutils_commands:/home/arz-1024/arm_ws/install/arm_gazebo/lib/python3.12/site-packages:${PYTHONPATH} /usr/bin/python3 -W ignore:setup.py install is deprecated -W ignore:easy_install command is deprecated setup.py egg_info --egg-base ../../build/arm_gazebo build --build-base /home/arz-1024/arm_ws/build/arm_gazebo/build install --record /home/arz-1024/arm_ws/build/arm_gazebo/install.log --single-version-externally-managed install_data
[3.177s] Level 1:colcon.colcon_core.environment:checking '/home/arz-1024/arm_ws/install/grasp_pose_estimator' for CMake module files
[3.178s] DEBUG:colcon.colcon_core.event_handler.log_command:Invoked command in '/home/arz-1024/arm_ws/src/grasp_pose_estimator' returned '0': DEBUGINFOD_URLS=https://debuginfod.ubuntu.com PYTHONPATH=/home/arz-1024/arm_ws/build/grasp_pose_estimator/prefix_override:/usr/lib/python3/dist-packages/colcon_core/task/python/colcon_distutils_commands:/home/arz-1024/arm_ws/install/grasp_pose_estimator/lib/python3.12/site-packages:${PYTHONPATH} /usr/bin/python3 -W ignore:setup.py install is deprecated -W ignore:easy_install command is deprecated setup.py egg_info --egg-base ../../build/grasp_pose_estimator build --build-base /home/arz-1024/arm_ws/build/grasp_pose_estimator/build install --record /home/arz-1024/arm_ws/build/grasp_pose_estimator/install.log --single-version-externally-managed install_data
[3.178s] Level 1:colcon.colcon_core.environment:checking '/home/arz-1024/arm_ws/install/grasp_pose_estimator' for CMake config files
[3.179s] Level 1:colcon.colcon_core.environment:checking '/home/arz-1024/arm_ws/install/grasp_pose_estimator/lib'
[3.179s] Level 1:colcon.colcon_core.environment:checking '/home/arz-1024/arm_ws/install/grasp_pose_estimator/bin'
[3.179s] Level 1:colcon.colcon_core.environment:checking '/home/arz-1024/arm_ws/install/grasp_pose_estimator/lib/pkgconfig/grasp_pose_estimator.pc'
[3.180s] Level 1:colcon.colcon_core.environment:checking '/home/arz-1024/arm_ws/install/grasp_pose_estimator/lib/python3.12/site-packages'
[3.180s] Level 1:colcon.colcon_core.shell:create_environment_hook('grasp_pose_estimator', 'pythonpath')
[3.180s] INFO:colcon.colcon_core.shell:Creating environment hook '/home/arz-1024/arm_ws/install/grasp_pose_estimator/share/grasp_pose_estimator/hook/pythonpath.ps1'
[3.182s] INFO:colcon.colcon_core.shell:Creating environment descriptor '/home/arz-1024/arm_ws/install/grasp_pose_estimator/share/grasp_pose_estimator/hook/pythonpath.dsv'
[3.183s] INFO:colcon.colcon_core.shell:Creating environment hook '/home/arz-1024/arm_ws/install/grasp_pose_estimator/share/grasp_pose_estimator/hook/pythonpath.sh'
[3.184s] Level 1:colcon.colcon_core.environment:checking '/home/arz-1024/arm_ws/install/grasp_pose_estimator/bin'
[3.184s] Level 1:colcon.colcon_core.environment:create_environment_scripts_only(grasp_pose_estimator)
[3.185s] INFO:colcon.colcon_core.shell:Creating package script '/home/arz-1024/arm_ws/install/grasp_pose_estimator/share/grasp_pose_estimator/package.ps1'
[3.185s] INFO:colcon.colcon_core.shell:Creating package descriptor '/home/arz-1024/arm_ws/install/grasp_pose_estimator/share/grasp_pose_estimator/package.dsv'
[3.186s] INFO:colcon.colcon_core.shell:Creating package script '/home/arz-1024/arm_ws/install/grasp_pose_estimator/share/grasp_pose_estimator/package.sh'
[3.186s] INFO:colcon.colcon_core.shell:Creating package script '/home/arz-1024/arm_ws/install/grasp_pose_estimator/share/grasp_pose_estimator/package.bash'
[3.187s] INFO:colcon.colcon_core.shell:Creating package script '/home/arz-1024/arm_ws/install/grasp_pose_estimator/share/grasp_pose_estimator/package.zsh'
[3.187s] Level 1:colcon.colcon_core.environment:create_file_with_runtime_dependencies(/home/arz-1024/arm_ws/install/grasp_pose_estimator/share/colcon-core/packages/grasp_pose_estimator)
[3.590s] Level 1:colcon.colcon_core.environment:checking '/home/arz-1024/arm_ws/install/arm_gazebo' for CMake module files
[3.591s] DEBUG:colcon.colcon_core.event_handler.log_command:Invoked command in '/home/arz-1024/arm_ws/src/arm_gazebo' returned '0': DEBUGINFOD_URLS=https://debuginfod.ubuntu.com PYTHONPATH=/home/arz-1024/arm_ws/build/arm_gazebo/prefix_override:/usr/lib/python3/dist-packages/colcon_core/task/python/colcon_distutils_commands:/home/arz-1024/arm_ws/install/arm_gazebo/lib/python3.12/site-packages:${PYTHONPATH} /usr/bin/python3 -W ignore:setup.py install is deprecated -W ignore:easy_install command is deprecated setup.py egg_info --egg-base ../../build/arm_gazebo build --build-base /home/arz-1024/arm_ws/build/arm_gazebo/build install --record /home/arz-1024/arm_ws/build/arm_gazebo/install.log --single-version-externally-managed install_data
[3.591s] Level 1:colcon.colcon_core.environment:checking '/home/arz-1024/arm_ws/install/arm_gazebo' for CMake config files
[3.592s] Level 1:colcon.colcon_core.environment:checking '/home/arz-1024/arm_ws/install/arm_gazebo/lib'
[3.592s] Level 1:colcon.colcon_core.environment:checking '/home/arz-1024/arm_ws/install/arm_gazebo/bin'
[3.592s] Level 1:colcon.colcon_core.environment:checking '/home/arz-1024/arm_ws/install/arm_gazebo/lib/pkgconfig/arm_gazebo.pc'
[3.593s] Level 1:colcon.colcon_core.environment:checking '/home/arz-1024/arm_ws/install/arm_gazebo/lib/python3.12/site-packages'
[3.593s] Level 1:colcon.colcon_core.shell:create_environment_hook('arm_gazebo', 'pythonpath')
[3.593s] INFO:colcon.colcon_core.shell:Creating environment hook '/home/arz-1024/arm_ws/install/arm_gazebo/share/arm_gazebo/hook/pythonpath.ps1'
[3.594s] INFO:colcon.colcon_core.shell:Creating environment descriptor '/home/arz-1024/arm_ws/install/arm_gazebo/share/arm_gazebo/hook/pythonpath.dsv'
[3.595s] INFO:colcon.colcon_core.shell:Creating environment hook '/home/arz-1024/arm_ws/install/arm_gazebo/share/arm_gazebo/hook/pythonpath.sh'
[3.596s] Level 1:colcon.colcon_core.environment:checking '/home/arz-1024/arm_ws/install/arm_gazebo/bin'
[3.596s] Level 1:colcon.colcon_core.environment:create_environment_scripts_only(arm_gazebo)
[3.597s] INFO:colcon.colcon_core.shell:Creating package script '/home/arz-1024/arm_ws/install/arm_gazebo/share/arm_gazebo/package.ps1'
[3.597s] INFO:colcon.colcon_core.shell:Creating package descriptor '/home/arz-1024/arm_ws/install/arm_gazebo/share/arm_gazebo/package.dsv'
[3.598s] INFO:colcon.colcon_core.shell:Creating package script '/home/arz-1024/arm_ws/install/arm_gazebo/share/arm_gazebo/package.sh'
[3.598s] INFO:colcon.colcon_core.shell:Creating package script '/home/arz-1024/arm_ws/install/arm_gazebo/share/arm_gazebo/package.bash'
[3.599s] INFO:colcon.colcon_core.shell:Creating package script '/home/arz-1024/arm_ws/install/arm_gazebo/share/arm_gazebo/package.zsh'
[3.599s] Level 1:colcon.colcon_core.environment:create_file_with_runtime_dependencies(/home/arz-1024/arm_ws/install/arm_gazebo/share/colcon-core/packages/arm_gazebo)
[3.599s] DEBUG:colcon.colcon_parallel_executor.executor.parallel:closing loop
[3.600s] DEBUG:colcon.colcon_parallel_executor.executor.parallel:loop closed
[3.600s] DEBUG:colcon.colcon_parallel_executor.executor.parallel:run_until_complete finished with '0'
[3.600s] DEBUG:colcon.colcon_core.event_reactor:joining thread
[3.612s] INFO:colcon.colcon_core.plugin_system:Skipping extension 'colcon_notification.desktop_notification.terminal_notifier': Not used on non-Darwin systems
[3.612s] INFO:colcon.colcon_core.plugin_system:Skipping extension 'colcon_notification.desktop_notification.win32': Not used on non-Windows systems
[3.612s] INFO:colcon.colcon_notification.desktop_notification:Sending desktop notification using 'notify2'
[3.633s] DEBUG:colcon.colcon_core.event_reactor:joined thread
[3.634s] INFO:colcon.colcon_core.shell:Creating prefix script '/home/arz-1024/arm_ws/install/local_setup.ps1'
[3.636s] INFO:colcon.colcon_core.shell:Creating prefix util module '/home/arz-1024/arm_ws/install/_local_setup_util_ps1.py'
[3.638s] INFO:colcon.colcon_core.shell:Creating prefix chain script '/home/arz-1024/arm_ws/install/setup.ps1'
[3.640s] INFO:colcon.colcon_core.shell:Creating prefix script '/home/arz-1024/arm_ws/install/local_setup.sh'
[3.641s] INFO:colcon.colcon_core.shell:Creating prefix util module '/home/arz-1024/arm_ws/install/_local_setup_util_sh.py'
[3.641s] INFO:colcon.colcon_core.shell:Creating prefix chain script '/home/arz-1024/arm_ws/install/setup.sh'
[3.643s] INFO:colcon.colcon_core.shell:Creating prefix script '/home/arz-1024/arm_ws/install/local_setup.bash'
[3.644s] INFO:colcon.colcon_core.shell:Creating prefix chain script '/home/arz-1024/arm_ws/install/setup.bash'
[3.645s] INFO:colcon.colcon_core.shell:Creating prefix script '/home/arz-1024/arm_ws/install/local_setup.zsh'
[3.646s] INFO:colcon.colcon_core.shell:Creating prefix chain script '/home/arz-1024/arm_ws/install/setup.zsh'
