[2.968s] Invoking command in '/home/arz-1024/arm_ws/src/grasp_pose_estimator': DEBUGINFOD_URLS=https://debuginfod.ubuntu.com PYTHONPATH=/home/arz-1024/arm_ws/build/grasp_pose_estimator/prefix_override:/usr/lib/python3/dist-packages/colcon_core/task/python/colcon_distutils_commands:/home/arz-1024/arm_ws/install/grasp_pose_estimator/lib/python3.12/site-packages:${PYTHONPATH} /usr/bin/python3 -W ignore:setup.py install is deprecated -W ignore:easy_install command is deprecated setup.py egg_info --egg-base ../../build/grasp_pose_estimator build --build-base /home/arz-1024/arm_ws/build/grasp_pose_estimator/build install --record /home/arz-1024/arm_ws/build/grasp_pose_estimator/install.log --single-version-externally-managed install_data
[3.894s] running egg_info
[3.977s] writing ../../build/grasp_pose_estimator/grasp_pose_estimator.egg-info/PKG-INFO
[3.977s] writing dependency_links to ../../build/grasp_pose_estimator/grasp_pose_estimator.egg-info/dependency_links.txt
[3.978s] writing entry points to ../../build/grasp_pose_estimator/grasp_pose_estimator.egg-info/entry_points.txt
[3.978s] writing requirements to ../../build/grasp_pose_estimator/grasp_pose_estimator.egg-info/requires.txt
[3.979s] writing top-level names to ../../build/grasp_pose_estimator/grasp_pose_estimator.egg-info/top_level.txt
[4.147s] reading manifest file '../../build/grasp_pose_estimator/grasp_pose_estimator.egg-info/SOURCES.txt'
[4.147s] adding license file 'LICENSE'
[4.149s] writing manifest file '../../build/grasp_pose_estimator/grasp_pose_estimator.egg-info/SOURCES.txt'
[4.149s] running build
[4.149s] running build_py
[4.149s] copying grasp_pose_estimator/yolo_detector.py -> /home/arz-1024/arm_ws/build/grasp_pose_estimator/build/lib/grasp_pose_estimator
[4.149s] copying grasp_pose_estimator/depth_processor.py -> /home/arz-1024/arm_ws/build/grasp_pose_estimator/build/lib/grasp_pose_estimator
[4.150s] running install
[4.165s] running install_lib
[4.241s] copying /home/arz-1024/arm_ws/build/grasp_pose_estimator/build/lib/grasp_pose_estimator/yolo_detector.py -> /home/arz-1024/arm_ws/install/grasp_pose_estimator/lib/python3.12/site-packages/grasp_pose_estimator
[4.241s] copying /home/arz-1024/arm_ws/build/grasp_pose_estimator/build/lib/grasp_pose_estimator/depth_processor.py -> /home/arz-1024/arm_ws/install/grasp_pose_estimator/lib/python3.12/site-packages/grasp_pose_estimator
[4.242s] byte-compiling /home/arz-1024/arm_ws/install/grasp_pose_estimator/lib/python3.12/site-packages/grasp_pose_estimator/yolo_detector.py to yolo_detector.cpython-312.pyc
[4.243s] byte-compiling /home/arz-1024/arm_ws/install/grasp_pose_estimator/lib/python3.12/site-packages/grasp_pose_estimator/depth_processor.py to depth_processor.cpython-312.pyc
[4.243s] running install_data
[4.243s] copying package.xml -> /home/arz-1024/arm_ws/install/grasp_pose_estimator/share/grasp_pose_estimator
[4.244s] running install_egg_info
[4.332s] removing '/home/arz-1024/arm_ws/install/grasp_pose_estimator/lib/python3.12/site-packages/grasp_pose_estimator-0.0.0-py3.12.egg-info' (and everything under it)
[4.333s] Copying ../../build/grasp_pose_estimator/grasp_pose_estimator.egg-info to /home/arz-1024/arm_ws/install/grasp_pose_estimator/lib/python3.12/site-packages/grasp_pose_estimator-0.0.0-py3.12.egg-info
[4.336s] running install_scripts
[4.814s] Installing depth_process script to /home/arz-1024/arm_ws/install/grasp_pose_estimator/lib/grasp_pose_estimator
[4.814s] Installing yolo_detect script to /home/arz-1024/arm_ws/install/grasp_pose_estimator/lib/grasp_pose_estimator
[4.815s] writing list of installed files to '/home/arz-1024/arm_ws/build/grasp_pose_estimator/install.log'
[4.872s] Invoked command in '/home/arz-1024/arm_ws/src/grasp_pose_estimator' returned '0': DEBUGINFOD_URLS=https://debuginfod.ubuntu.com PYTHONPATH=/home/arz-1024/arm_ws/build/grasp_pose_estimator/prefix_override:/usr/lib/python3/dist-packages/colcon_core/task/python/colcon_distutils_commands:/home/arz-1024/arm_ws/install/grasp_pose_estimator/lib/python3.12/site-packages:${PYTHONPATH} /usr/bin/python3 -W ignore:setup.py install is deprecated -W ignore:easy_install command is deprecated setup.py egg_info --egg-base ../../build/grasp_pose_estimator build --build-base /home/arz-1024/arm_ws/build/grasp_pose_estimator/build install --record /home/arz-1024/arm_ws/build/grasp_pose_estimator/install.log --single-version-externally-managed install_data
