[0.008s] Invoking command in '/home/arz-1024/arm_ws/build/arm_description': CMAKE_PREFIX_PATH=${CMAKE_PREFIX_PATH}:/home/arz-1024/arm_ws/install/arm_gazebo:/opt/ros/jazzy DEBUGINFOD_URLS=https://debuginfod.ubuntu.com /usr/bin/cmake /home/arz-1024/arm_ws/src/arm_description -DCMAKE_INSTALL_PREFIX=/home/arz-1024/arm_ws/install/arm_description
[0.074s] -- The C compiler identification is GNU 13.3.0
[0.129s] -- The CXX compiler identification is GNU 13.3.0
[0.147s] -- Detecting C compiler ABI info
[0.240s] -- Detecting C compiler ABI info - done
[0.247s] -- Check for working C compiler: /usr/bin/cc - skipped
[0.247s] -- Detecting C compile features
[0.247s] -- Detecting C compile features - done
[0.257s] -- Detecting CXX compiler ABI info
[0.352s] -- Detecting CXX compiler ABI info - done
[0.359s] -- Check for working CXX compiler: /usr/bin/c++ - skipped
[0.359s] -- Detecting CXX compile features
[0.360s] -- Detecting CXX compile features - done
[0.363s] -- Found ament_cmake: 2.5.5 (/opt/ros/jazzy/share/ament_cmake/cmake)
[0.482s] -- Found Python3: /usr/bin/python3 (found version "3.12.3") found components: Interpreter 
[0.597s] -- Found ament_lint_auto: 0.17.4 (/opt/ros/jazzy/share/ament_lint_auto/cmake)
[0.694s] -- Added test 'cppcheck' to perform static code analysis on C / C++ code
[0.695s] -- Configured cppcheck include dirs: 
[0.695s] -- Configured cppcheck exclude dirs and/or files: 
[0.697s] -- Added test 'flake8' to check Python code syntax and style conventions
[0.697s] -- Configured 'flake8' exclude dirs and/or files: 
[0.699s] -- Added test 'lint_cmake' to check CMake code style
[0.701s] -- Added test 'pep257' to check Python code against some of the docstring style conventions in PEP 257
[0.710s] -- Added test 'uncrustify' to check C / C++ code style
[0.710s] -- Configured uncrustify additional arguments: 
[0.711s] -- Added test 'xmllint' to check XML markup files
[0.713s] -- Configuring done (0.7s)
[0.716s] -- Generating done (0.0s)
[0.718s] -- Build files have been written to: /home/arz-1024/arm_ws/build/arm_description
[0.725s] Invoked command in '/home/arz-1024/arm_ws/build/arm_description' returned '0': CMAKE_PREFIX_PATH=${CMAKE_PREFIX_PATH}:/home/arz-1024/arm_ws/install/arm_gazebo:/opt/ros/jazzy DEBUGINFOD_URLS=https://debuginfod.ubuntu.com /usr/bin/cmake /home/arz-1024/arm_ws/src/arm_description -DCMAKE_INSTALL_PREFIX=/home/arz-1024/arm_ws/install/arm_description
[0.726s] Invoking command in '/home/arz-1024/arm_ws/build/arm_description': CMAKE_PREFIX_PATH=${CMAKE_PREFIX_PATH}:/home/arz-1024/arm_ws/install/arm_gazebo:/opt/ros/jazzy DEBUGINFOD_URLS=https://debuginfod.ubuntu.com /usr/bin/cmake --build /home/arz-1024/arm_ws/build/arm_description -- -j16 -l16
[0.770s] Invoked command in '/home/arz-1024/arm_ws/build/arm_description' returned '0': CMAKE_PREFIX_PATH=${CMAKE_PREFIX_PATH}:/home/arz-1024/arm_ws/install/arm_gazebo:/opt/ros/jazzy DEBUGINFOD_URLS=https://debuginfod.ubuntu.com /usr/bin/cmake --build /home/arz-1024/arm_ws/build/arm_description -- -j16 -l16
[0.783s] Invoking command in '/home/arz-1024/arm_ws/build/arm_description': CMAKE_PREFIX_PATH=${CMAKE_PREFIX_PATH}:/home/arz-1024/arm_ws/install/arm_gazebo:/opt/ros/jazzy DEBUGINFOD_URLS=https://debuginfod.ubuntu.com /usr/bin/cmake --install /home/arz-1024/arm_ws/build/arm_description
[0.790s] -- Install configuration: ""
[0.790s] -- Installing: /home/arz-1024/arm_ws/install/arm_description/share/arm_description/launch
[0.791s] -- Installing: /home/arz-1024/arm_ws/install/arm_description/share/arm_description/launch/6dof_rviz.launch.py
[0.791s] -- Installing: /home/arz-1024/arm_ws/install/arm_description/share/arm_description/launch/.vscode
[0.791s] -- Installing: /home/arz-1024/arm_ws/install/arm_description/share/arm_description/launch/.vscode/c_cpp_properties.json
[0.791s] -- Installing: /home/arz-1024/arm_ws/install/arm_description/share/arm_description/launch/.vscode/settings.json
[0.791s] -- Installing: /home/arz-1024/arm_ws/install/arm_description/share/arm_description/rviz
[0.791s] -- Installing: /home/arz-1024/arm_ws/install/arm_description/share/arm_description/rviz/arm_6dof.rviz
[0.791s] -- Installing: /home/arz-1024/arm_ws/install/arm_description/share/arm_description/urdf
[0.791s] -- Installing: /home/arz-1024/arm_ws/install/arm_description/share/arm_description/urdf/sensors
[0.791s] -- Installing: /home/arz-1024/arm_ws/install/arm_description/share/arm_description/urdf/sensors/intel_rgbd_cam_d435.urdf.xacro
[0.791s] -- Installing: /home/arz-1024/arm_ws/install/arm_description/share/arm_description/urdf/mech
[0.791s] -- Installing: /home/arz-1024/arm_ws/install/arm_description/share/arm_description/urdf/mech/arm_base.urdf.xacro
[0.791s] -- Installing: /home/arz-1024/arm_ws/install/arm_description/share/arm_description/urdf/mech/arm_define.urdf.xacro
[0.791s] -- Installing: /home/arz-1024/arm_ws/install/arm_description/share/arm_description/urdf/mech/adaptive_gripper.urdf.xacro
[0.791s] -- Installing: /home/arz-1024/arm_ws/install/arm_description/share/arm_description/urdf/control
[0.791s] -- Installing: /home/arz-1024/arm_ws/install/arm_description/share/arm_description/urdf/control/gazebo_sim_ros2_control.urdf.xacro
[0.791s] -- Installing: /home/arz-1024/arm_ws/install/arm_description/share/arm_description/urdf/control/arm_transmission.urdf.xacro
[0.792s] -- Installing: /home/arz-1024/arm_ws/install/arm_description/share/arm_description/urdf/robots
[0.792s] -- Installing: /home/arz-1024/arm_ws/install/arm_description/share/arm_description/urdf/robots/arm_model.urdf.xacro
[0.792s] -- Installing: /home/arz-1024/arm_ws/install/arm_description/share/arm_description/meshes
[0.792s] -- Installing: /home/arz-1024/arm_ws/install/arm_description/share/arm_description/meshes/d435
[0.792s] -- Installing: /home/arz-1024/arm_ws/install/arm_description/share/arm_description/meshes/d435/visual
[0.792s] -- Installing: /home/arz-1024/arm_ws/install/arm_description/share/arm_description/meshes/d435/visual/d435.stl
[0.798s] -- Installing: /home/arz-1024/arm_ws/install/arm_description/share/arm_description/meshes/g_shape_base_v2_0
[0.798s] -- Installing: /home/arz-1024/arm_ws/install/arm_description/share/arm_description/meshes/g_shape_base_v2_0/visual
[0.798s] -- Installing: /home/arz-1024/arm_ws/install/arm_description/share/arm_description/meshes/g_shape_base_v2_0/visual/base_link.dae
[0.801s] -- Installing: /home/arz-1024/arm_ws/install/arm_description/share/arm_description/meshes/adaptive_gripper
[0.801s] -- Installing: /home/arz-1024/arm_ws/install/arm_description/share/arm_description/meshes/adaptive_gripper/visual
[0.801s] -- Installing: /home/arz-1024/arm_ws/install/arm_description/share/arm_description/meshes/adaptive_gripper/visual/gripper_left2.dae
[0.802s] -- Installing: /home/arz-1024/arm_ws/install/arm_description/share/arm_description/meshes/adaptive_gripper/visual/gripper_left1.dae
[0.802s] -- Installing: /home/arz-1024/arm_ws/install/arm_description/share/arm_description/meshes/adaptive_gripper/visual/gripper_right1.dae
[0.802s] -- Installing: /home/arz-1024/arm_ws/install/arm_description/share/arm_description/meshes/adaptive_gripper/visual/gripper_left3.dae
[0.803s] -- Installing: /home/arz-1024/arm_ws/install/arm_description/share/arm_description/meshes/adaptive_gripper/visual/gripper_base.dae
[0.804s] -- Installing: /home/arz-1024/arm_ws/install/arm_description/share/arm_description/meshes/adaptive_gripper/visual/gripper_right2.dae
[0.804s] -- Installing: /home/arz-1024/arm_ws/install/arm_description/share/arm_description/meshes/adaptive_gripper/visual/gripper_right3.dae
[0.805s] -- Installing: /home/arz-1024/arm_ws/install/arm_description/share/arm_description/meshes/6dof_arm
[0.805s] -- Installing: /home/arz-1024/arm_ws/install/arm_description/share/arm_description/meshes/6dof_arm/visual
[0.805s] -- Installing: /home/arz-1024/arm_ws/install/arm_description/share/arm_description/meshes/6dof_arm/visual/link1.dae
[0.809s] -- Installing: /home/arz-1024/arm_ws/install/arm_description/share/arm_description/meshes/6dof_arm/visual/link2.dae
[0.810s] -- Installing: /home/arz-1024/arm_ws/install/arm_description/share/arm_description/meshes/6dof_arm/visual/link4.png
[0.810s] -- Installing: /home/arz-1024/arm_ws/install/arm_description/share/arm_description/meshes/6dof_arm/visual/link6.png
[0.810s] -- Installing: /home/arz-1024/arm_ws/install/arm_description/share/arm_description/meshes/6dof_arm/visual/link5.dae
[0.811s] -- Installing: /home/arz-1024/arm_ws/install/arm_description/share/arm_description/meshes/6dof_arm/visual/link1.png
[0.812s] -- Installing: /home/arz-1024/arm_ws/install/arm_description/share/arm_description/meshes/6dof_arm/visual/link6.dae
[0.813s] -- Installing: /home/arz-1024/arm_ws/install/arm_description/share/arm_description/meshes/6dof_arm/visual/link5.png
[0.813s] -- Installing: /home/arz-1024/arm_ws/install/arm_description/share/arm_description/meshes/6dof_arm/visual/link2.png
[0.813s] -- Installing: /home/arz-1024/arm_ws/install/arm_description/share/arm_description/meshes/6dof_arm/visual/link7.png
[0.813s] -- Installing: /home/arz-1024/arm_ws/install/arm_description/share/arm_description/meshes/6dof_arm/visual/suit_env.dae
[0.818s] -- Installing: /home/arz-1024/arm_ws/install/arm_description/share/arm_description/meshes/6dof_arm/visual/link3.dae
[0.820s] -- Installing: /home/arz-1024/arm_ws/install/arm_description/share/arm_description/meshes/6dof_arm/visual/link3.png
[0.820s] -- Installing: /home/arz-1024/arm_ws/install/arm_description/share/arm_description/meshes/6dof_arm/visual/link7.dae
[0.821s] -- Installing: /home/arz-1024/arm_ws/install/arm_description/share/arm_description/meshes/6dof_arm/visual/link4.dae
[0.822s] -- Installing: /home/arz-1024/arm_ws/install/arm_description/share/ament_index/resource_index/package_run_dependencies/arm_description
[0.822s] -- Installing: /home/arz-1024/arm_ws/install/arm_description/share/ament_index/resource_index/parent_prefix_path/arm_description
[0.822s] -- Installing: /home/arz-1024/arm_ws/install/arm_description/share/arm_description/environment/ament_prefix_path.sh
[0.822s] -- Installing: /home/arz-1024/arm_ws/install/arm_description/share/arm_description/environment/ament_prefix_path.dsv
[0.822s] -- Installing: /home/arz-1024/arm_ws/install/arm_description/share/arm_description/environment/path.sh
[0.822s] -- Installing: /home/arz-1024/arm_ws/install/arm_description/share/arm_description/environment/path.dsv
[0.822s] -- Installing: /home/arz-1024/arm_ws/install/arm_description/share/arm_description/local_setup.bash
[0.823s] -- Installing: /home/arz-1024/arm_ws/install/arm_description/share/arm_description/local_setup.sh
[0.823s] -- Installing: /home/arz-1024/arm_ws/install/arm_description/share/arm_description/local_setup.zsh
[0.823s] -- Installing: /home/arz-1024/arm_ws/install/arm_description/share/arm_description/local_setup.dsv
[0.823s] -- Installing: /home/arz-1024/arm_ws/install/arm_description/share/arm_description/package.dsv
[0.823s] -- Installing: /home/arz-1024/arm_ws/install/arm_description/share/ament_index/resource_index/packages/arm_description
[0.824s] -- Installing: /home/arz-1024/arm_ws/install/arm_description/share/arm_description/cmake/arm_descriptionConfig.cmake
[0.824s] -- Installing: /home/arz-1024/arm_ws/install/arm_description/share/arm_description/cmake/arm_descriptionConfig-version.cmake
[0.824s] -- Installing: /home/arz-1024/arm_ws/install/arm_description/share/arm_description/package.xml
[0.826s] Invoked command in '/home/arz-1024/arm_ws/build/arm_description' returned '0': CMAKE_PREFIX_PATH=${CMAKE_PREFIX_PATH}:/home/arz-1024/arm_ws/install/arm_gazebo:/opt/ros/jazzy DEBUGINFOD_URLS=https://debuginfod.ubuntu.com /usr/bin/cmake --install /home/arz-1024/arm_ws/build/arm_description
